<?xml version="1.0" encoding="UTF-8"?>
<testsuite name="order.controller.OrderControllerTest" time="1.687" tests="16" errors="0" skipped="0" failures="2">
  <properties>
[...]
</properties>
  <testcase name="testGetTicketListByDateAndTripId" classname="order.controller.OrderControllerTest" time="1.23"/>
  <testcase name="testQueryOrdersForRefresh" classname="order.controller.OrderControllerTest" time="0.043"/>
  <testcase name="testQueryOrders" classname="order.controller.OrderControllerTest" time="0.024"/>
  <testcase name="testGetOrderPrice" classname="order.controller.OrderControllerTest" time="0.053"/>
  <testcase name="testAddCreateNewOrder" classname="order.controller.OrderControllerTest" time="0.035"/>
  <testcase name="testDeleteOrder" classname="order.controller.OrderControllerTest" time="0.02"/>
  <testcase name="testModifyOrder" classname="order.controller.OrderControllerTest" time="0.019"/>
  <testcase name="testFindAllOrder" classname="order.controller.OrderControllerTest" time="0.027"/>
  <testcase name="testUpdateOrder" classname="order.controller.OrderControllerTest" time="0.047"/>
  <testcase name="testSecurityInfoCheck" classname="order.controller.OrderControllerTest" time="0.056">
    <failure message="Status expected:&lt;200&gt; but was:&lt;400&gt;" type="java.lang.AssertionError"><![CDATA[java.lang.AssertionError: Status expected:<200> but was:<400>
	at org.springframework.test.util.AssertionErrors.fail(AssertionErrors.java:54)
	at org.springframework.test.util.AssertionErrors.assertEquals(AssertionErrors.java:81)
	at org.springframework.test.web.servlet.result.StatusResultMatchers$10.match(StatusResultMatchers.java:665)
	at org.springframework.test.web.servlet.MockMvc$1.andExpect(MockMvc.java:164)
	at order.controller.OrderControllerTest.testSecurityInfoCheck(OrderControllerTest.java:156)
]]></failure>
    <system-out><![CDATA[13:50:28.159 [main] DEBUG org.springframework.core.env.StandardEnvironment - Adding PropertySource 'systemProperties' with lowest search precedence
13:50:28.159 [main] DEBUG org.springframework.core.env.StandardEnvironment - Adding PropertySource 'systemEnvironment' with lowest search precedence
13:50:28.159 [main] DEBUG org.springframework.core.env.StandardEnvironment - Initialized StandardEnvironment with PropertySources [MapPropertySource@162389668 {name='systemProperties', properties={awt.toolkit=sun.awt.X11.XToolkit, java.specification.version=11, sun.cpu.isalist=, sun.jnu.encoding=UTF-8, java.class.path=/home/rakesh/project/train-ticket/ts-order-service/target/test-classes:/home/rakesh/project/train-ticket/ts-order-service/target/classes:/home/rakesh/.m2/repository/org/springframework/boot/spring-boot-starter-data-mongodb/1.5.22.RELEASE/spring-boot-starter-data-mongodb-1.5.22.RELEASE.jar:/home/rakesh/.m2/repository/org/springframework/boot/spring-boot-starter/1.5.22.RELEASE/spring-boot-starter-1.5.22.RELEASE.jar:/home/rakesh/.m2/repository/org/springframework/boot/spring-boot/1.5.22.RELEASE/spring-boot-1.5.22.RELEASE.jar:/home/rakesh/.m2/repository/org/springframework/boot/spring-boot-autoconfigure/1.5.22.RELEASE/spring-boot-autoconfigure-1.5.22.RELEASE.jar:/home/rakesh/.m2/repository/org/springframework/boot/spring-boot-starter-logging/1.5.22.RELEASE/spring-boot-starter-logging-1.5.22.RELEASE.jar:/home/rakesh/.m2/repository/ch/qos/logback/logback-classic/1.1.11/logback-classic-1.1.11.jar:/home/rakesh/.m2/repository/ch/qos/logback/logback-core/1.1.11/logback-core-1.1.11.jar:/home/rakesh/.m2/repository/org/slf4j/jul-to-slf4j/1.7.26/jul-to-slf4j-1.7.26.jar:/home/rakesh/.m2/repository/org/slf4j/log4j-over-slf4j/1.7.26/log4j-over-slf4j-1.7.26.jar:/home/rakesh/.m2/repository/org/yaml/snakeyaml/1.17/snakeyaml-1.17.jar:/home/rakesh/.m2/repository/org/mongodb/mongodb-driver/3.4.3/mongodb-driver-3.4.3.jar:/home/rakesh/.m2/repository/org/mongodb/mongodb-driver-core/3.4.3/mongodb-driver-core-3.4.3.jar:/home/rakesh/.m2/repository/org/mongodb/bson/3.4.3/bson-3.4.3.jar:/home/rakesh/.m2/repository/org/springframework/data/spring-data-mongodb/1.10.23.RELEASE/spring-data-mongodb-1.10.23.RELEASE.jar:/home/rakesh/.m2/repository/org/springframework/spring-tx/4.3.25.RELEASE/spring-tx-4.3.25.RELEASE.jar:/home/rakesh/.m2/repository/org/springframework/spring-context/4.3.25.RELEASE/spring-context-4.3.25.RELEASE.jar:/home/rakesh/.m2/repository/org/springframework/spring-beans/4.3.25.RELEASE/spring-beans-4.3.25.RELEASE.jar:/home/rakesh/.m2/repository/org/springframework/spring-expression/4.3.25.RELEASE/spring-expression-4.3.25.RELEASE.jar:/home/rakesh/.m2/repository/org/springframework/data/spring-data-commons/1.13.23.RELEASE/spring-data-commons-1.13.23.RELEASE.jar:/home/rakesh/.m2/repository/org/slf4j/jcl-over-slf4j/1.7.26/jcl-over-slf4j-1.7.26.jar:/home/rakesh/.m2/repository/org/services/ts-common/0.1.0/ts-common-0.1.0.jar:/home/rakesh/.m2/repository/io/jsonwebtoken/jjwt/0.8.0/jjwt-0.8.0.jar:/home/rakesh/.m2/repository/org/springframework/boot/spring-boot-starter-security/1.5.22.RELEASE/spring-boot-starter-security-1.5.22.RELEASE.jar:/home/rakesh/.m2/repository/org/springframework/security/spring-security-config/4.2.13.RELEASE/spring-security-config-4.2.13.RELEASE.jar:/home/rakesh/.m2/repository/org/springframework/security/spring-security-core/4.2.13.RELEASE/spring-security-core-4.2.13.RELEASE.jar:/home/rakesh/.m2/repository/org/springframework/security/spring-security-web/4.2.13.RELEASE/spring-security-web-4.2.13.RELEASE.jar:/home/rakesh/.m2/repository/org/springframework/boot/spring-boot-starter-web/1.5.22.RELEASE/spring-boot-starter-web-1.5.22.RELEASE.jar:/home/rakesh/.m2/repository/org/springframework/boot/spring-boot-starter-tomcat/1.5.22.RELEASE/spring-boot-starter-tomcat-1.5.22.RELEASE.jar:/home/rakesh/.m2/repository/org/apache/tomcat/embed/tomcat-embed-core/8.5.43/tomcat-embed-core-8.5.43.jar:/home/rakesh/.m2/repository/org/apache/tomcat/tomcat-annotations-api/8.5.43/tomcat-annotations-api-8.5.43.jar:/home/rakesh/.m2/repository/org/apache/tomcat/embed/tomcat-embed-el/8.5.43/tomcat-embed-el-8.5.43.jar:/home/rakesh/.m2/repository/org/apache/tomcat/embed/tomcat-embed-websocket/8.5.43/tomcat-embed-websocket-8.5.43.jar:/home/rakesh/.m2/repository/org/hibernate/hibernate-validator/5.3.6.Final/hibernate-validator-5.3.6.Final.jar:/home/rakesh/.m2/repository/javax/validation/validation-api/1.1.0.Final/validation-api-1.1.0.Final.jar:/home/rakesh/.m2/repository/org/jboss/logging/jboss-logging/3.3.2.Final/jboss-logging-3.3.2.Final.jar:/home/rakesh/.m2/repository/com/fasterxml/jackson/core/jackson-databind/2.8.11.3/jackson-databind-2.8.11.3.jar:/home/rakesh/.m2/repository/com/fasterxml/jackson/core/jackson-annotations/2.8.0/jackson-annotations-2.8.0.jar:/home/rakesh/.m2/repository/com/fasterxml/jackson/core/jackson-core/2.8.11/jackson-core-2.8.11.jar:/home/rakesh/.m2/repository/org/springframework/spring-web/4.3.25.RELEASE/spring-web-4.3.25.RELEASE.jar:/home/rakesh/.m2/repository/org/springframework/spring-webmvc/4.3.25.RELEASE/spring-webmvc-4.3.25.RELEASE.jar:/home/rakesh/.m2/repository/org/springframework/boot/spring-boot-starter-integration/1.5.22.RELEASE/spring-boot-starter-integration-1.5.22.RELEASE.jar:/home/rakesh/.m2/repository/org/springframework/integration/spring-integration-core/4.3.21.RELEASE/spring-integration-core-4.3.21.RELEASE.jar:/home/rakesh/.m2/repository/org/springframework/spring-messaging/4.3.25.RELEASE/spring-messaging-4.3.25.RELEASE.jar:/home/rakesh/.m2/repository/org/springframework/retry/spring-retry/1.2.4.RELEASE/spring-retry-1.2.4.RELEASE.jar:/home/rakesh/.m2/repository/org/springframework/integration/spring-integration-java-dsl/1.2.3.RELEASE/spring-integration-java-dsl-1.2.3.RELEASE.jar:/home/rakesh/.m2/repository/org/reactivestreams/reactive-streams/1.0.0/reactive-streams-1.0.0.jar:/home/rakesh/.m2/repository/org/springframework/boot/spring-boot-starter-aop/1.5.22.RELEASE/spring-boot-starter-aop-1.5.22.RELEASE.jar:/home/rakesh/.m2/repository/org/springframework/spring-aop/4.3.25.RELEASE/spring-aop-4.3.25.RELEASE.jar:/home/rakesh/.m2/repository/org/aspectj/aspectjweaver/1.8.14/aspectjweaver-1.8.14.jar:/home/rakesh/.m2/repository/org/springframework/boot/spring-boot-starter-actuator/1.5.22.RELEASE/spring-boot-starter-actuator-1.5.22.RELEASE.jar:/home/rakesh/.m2/repository/org/springframework/boot/spring-boot-actuator/1.5.22.RELEASE/spring-boot-actuator-1.5.22.RELEASE.jar:/home/rakesh/.m2/repository/org/projectlombok/lombok/1.16.22/lombok-1.16.22.jar:/home/rakesh/.m2/repository/io/springfox/springfox-swagger2/2.4.0/springfox-swagger2-2.4.0.jar:/home/rakesh/.m2/repository/io/swagger/swagger-annotations/1.5.6/swagger-annotations-1.5.6.jar:/home/rakesh/.m2/repository/io/swagger/swagger-models/1.5.6/swagger-models-1.5.6.jar:/home/rakesh/.m2/repository/io/springfox/springfox-spi/2.4.0/springfox-spi-2.4.0.jar:/home/rakesh/.m2/repository/io/springfox/springfox-core/2.4.0/springfox-core-2.4.0.jar:/home/rakesh/.m2/repository/io/springfox/springfox-schema/2.4.0/springfox-schema-2.4.0.jar:/home/rakesh/.m2/repository/io/springfox/springfox-swagger-common/2.4.0/springfox-swagger-common-2.4.0.jar:/home/rakesh/.m2/repository/io/springfox/springfox-spring-web/2.4.0/springfox-spring-web-2.4.0.jar:/home/rakesh/.m2/repository/com/google/guava/guava/18.0/guava-18.0.jar:/home/rakesh/.m2/repository/com/fasterxml/classmate/1.3.4/classmate-1.3.4.jar:/home/rakesh/.m2/repository/org/slf4j/slf4j-api/1.7.26/slf4j-api-1.7.26.jar:/home/rakesh/.m2/repository/org/springframework/plugin/spring-plugin-core/1.2.0.RELEASE/spring-plugin-core-1.2.0.RELEASE.jar:/home/rakesh/.m2/repository/org/springframework/plugin/spring-plugin-metadata/1.2.0.RELEASE/spring-plugin-metadata-1.2.0.RELEASE.jar:/home/rakesh/.m2/repository/io/springfox/springfox-swagger-ui/2.4.0/springfox-swagger-ui-2.4.0.jar:/home/rakesh/.m2/repository/org/springframework/boot/spring-boot-starter-test/1.5.22.RELEASE/spring-boot-starter-test-1.5.22.RELEASE.jar:/home/rakesh/.m2/repository/org/springframework/boot/spring-boot-test/1.5.22.RELEASE/spring-boot-test-1.5.22.RELEASE.jar:/home/rakesh/.m2/repository/org/springframework/boot/spring-boot-test-autoconfigure/1.5.22.RELEASE/spring-boot-test-autoconfigure-1.5.22.RELEASE.jar:/home/rakesh/.m2/repository/com/jayway/jsonpath/json-path/2.2.0/json-path-2.2.0.jar:/home/rakesh/.m2/repository/net/minidev/json-smart/2.2.1/json-smart-2.2.1.jar:/home/rakesh/.m2/repository/net/minidev/accessors-smart/1.1/accessors-smart-1.1.jar:/home/rakesh/.m2/repository/org/ow2/asm/asm/5.0.3/asm-5.0.3.jar:/home/rakesh/.m2/repository/org/assertj/assertj-core/2.6.0/assertj-core-2.6.0.jar:/home/rakesh/.m2/repository/org/hamcrest/hamcrest-core/1.3/hamcrest-core-1.3.jar:/home/rakesh/.m2/repository/org/hamcrest/hamcrest-library/1.3/hamcrest-library-1.3.jar:/home/rakesh/.m2/repository/org/skyscreamer/jsonassert/1.4.0/jsonassert-1.4.0.jar:/home/rakesh/.m2/repository/com/vaadin/external/google/android-json/0.0.20131108.vaadin1/android-json-0.0.20131108.vaadin1.jar:/home/rakesh/.m2/repository/org/springframework/spring-core/4.3.25.RELEASE/spring-core-4.3.25.RELEASE.jar:/home/rakesh/.m2/repository/org/springframework/spring-test/4.3.25.RELEASE/spring-test-4.3.25.RELEASE.jar:/home/rakesh/.m2/repository/junit/junit/4.12/junit-4.12.jar:/home/rakesh/.m2/repository/org/mockito/mockito-core/1.10.19/mockito-core-1.10.19.jar:/home/rakesh/.m2/repository/org/objenesis/objenesis/2.1/objenesis-2.1.jar:/home/rakesh/.m2/repository/com/alibaba/fastjson/1.2.31/fastjson-1.2.31.jar:, java.vm.vendor=Oracle Corporation, sun.arch.data.model=64, java.vendor.url=https://openjdk.java.net/, user.timezone=Asia/Kolkata, os.name=Linux, java.vm.specification.version=11, sun.java.launcher=SUN_STANDARD, user.country=US, sun.boot.library.path=/usr/lib64/jvm/java-11-openjdk-11/lib, sun.java.command=/home/rakesh/project/train-ticket/ts-order-service/target/surefire/surefirebooter12772652690271191239.jar /home/rakesh/project/train-ticket/ts-order-service/target/surefire/surefire9932438889843824967tmp /home/rakesh/project/train-ticket/ts-order-service/target/surefire/surefire_09401254525499891432tmp, jdk.debug=release, surefire.test.class.path=/home/rakesh/project/train-ticket/ts-order-service/target/test-classes:/home/rakesh/project/train-ticket/ts-order-service/target/classes:/home/rakesh/.m2/repository/org/springframework/boot/spring-boot-starter-data-mongodb/1.5.22.RELEASE/spring-boot-starter-data-mongodb-1.5.22.RELEASE.jar:/home/rakesh/.m2/repository/org/springframework/boot/spring-boot-starter/1.5.22.RELEASE/spring-boot-starter-1.5.22.RELEASE.jar:/home/rakesh/.m2/repository/org/springframework/boot/spring-boot/1.5.22.RELEASE/spring-boot-1.5.22.RELEASE.jar:/home/rakesh/.m2/repository/org/springframework/boot/spring-boot-autoconfigure/1.5.22.RELEASE/spring-boot-autoconfigure-1.5.22.RELEASE.jar:/home/rakesh/.m2/repository/org/springframework/boot/spring-boot-starter-logging/1.5.22.RELEASE/spring-boot-starter-logging-1.5.22.RELEASE.jar:/home/rakesh/.m2/repository/ch/qos/logback/logback-classic/1.1.11/logback-classic-1.1.11.jar:/home/rakesh/.m2/repository/ch/qos/logback/logback-core/1.1.11/logback-core-1.1.11.jar:/home/rakesh/.m2/repository/org/slf4j/jul-to-slf4j/1.7.26/jul-to-slf4j-1.7.26.jar:/home/rakesh/.m2/repository/org/slf4j/log4j-over-slf4j/1.7.26/log4j-over-slf4j-1.7.26.jar:/home/rakesh/.m2/repository/org/yaml/snakeyaml/1.17/snakeyaml-1.17.jar:/home/rakesh/.m2/repository/org/mongodb/mongodb-driver/3.4.3/mongodb-driver-3.4.3.jar:/home/rakesh/.m2/repository/org/mongodb/mongodb-driver-core/3.4.3/mongodb-driver-core-3.4.3.jar:/home/rakesh/.m2/repository/org/mongodb/bson/3.4.3/bson-3.4.3.jar:/home/rakesh/.m2/repository/org/springframework/data/spring-data-mongodb/1.10.23.RELEASE/spring-data-mongodb-1.10.23.RELEASE.jar:/home/rakesh/.m2/repository/org/springframework/spring-tx/4.3.25.RELEASE/spring-tx-4.3.25.RELEASE.jar:/home/rakesh/.m2/repository/org/springframework/spring-context/4.3.25.RELEASE/spring-context-4.3.25.RELEASE.jar:/home/rakesh/.m2/repository/org/springframework/spring-beans/4.3.25.RELEASE/spring-beans-4.3.25.RELEASE.jar:/home/rakesh/.m2/repository/org/springframework/spring-expression/4.3.25.RELEASE/spring-expression-4.3.25.RELEASE.jar:/home/rakesh/.m2/repository/org/springframework/data/spring-data-commons/1.13.23.RELEASE/spring-data-commons-1.13.23.RELEASE.jar:/home/rakesh/.m2/repository/org/slf4j/jcl-over-slf4j/1.7.26/jcl-over-slf4j-1.7.26.jar:/home/rakesh/.m2/repository/org/services/ts-common/0.1.0/ts-common-0.1.0.jar:/home/rakesh/.m2/repository/io/jsonwebtoken/jjwt/0.8.0/jjwt-0.8.0.jar:/home/rakesh/.m2/repository/org/springframework/boot/spring-boot-starter-security/1.5.22.RELEASE/spring-boot-starter-security-1.5.22.RELEASE.jar:/home/rakesh/.m2/repository/org/springframework/security/spring-security-config/4.2.13.RELEASE/spring-security-config-4.2.13.RELEASE.jar:/home/rakesh/.m2/repository/org/springframework/security/spring-security-core/4.2.13.RELEASE/spring-security-core-4.2.13.RELEASE.jar:/home/rakesh/.m2/repository/org/springframework/security/spring-security-web/4.2.13.RELEASE/spring-security-web-4.2.13.RELEASE.jar:/home/rakesh/.m2/repository/org/springframework/boot/spring-boot-starter-web/1.5.22.RELEASE/spring-boot-starter-web-1.5.22.RELEASE.jar:/home/rakesh/.m2/repository/org/springframework/boot/spring-boot-starter-tomcat/1.5.22.RELEASE/spring-boot-starter-tomcat-1.5.22.RELEASE.jar:/home/rakesh/.m2/repository/org/apache/tomcat/embed/tomcat-embed-core/8.5.43/tomcat-embed-core-8.5.43.jar:/home/rakesh/.m2/repository/org/apache/tomcat/tomcat-annotations-api/8.5.43/tomcat-annotations-api-8.5.43.jar:/home/rakesh/.m2/repository/org/apache/tomcat/embed/tomcat-embed-el/8.5.43/tomcat-embed-el-8.5.43.jar:/home/rakesh/.m2/repository/org/apache/tomcat/embed/tomcat-embed-websocket/8.5.43/tomcat-embed-websocket-8.5.43.jar:/home/rakesh/.m2/repository/org/hibernate/hibernate-validator/5.3.6.Final/hibernate-validator-5.3.6.Final.jar:/home/rakesh/.m2/repository/javax/validation/validation-api/1.1.0.Final/validation-api-1.1.0.Final.jar:/home/rakesh/.m2/repository/org/jboss/logging/jboss-logging/3.3.2.Final/jboss-logging-3.3.2.Final.jar:/home/rakesh/.m2/repository/com/fasterxml/jackson/core/jackson-databind/2.8.11.3/jackson-databind-2.8.11.3.jar:/home/rakesh/.m2/repository/com/fasterxml/jackson/core/jackson-annotations/2.8.0/jackson-annotations-2.8.0.jar:/home/rakesh/.m2/repository/com/fasterxml/jackson/core/jackson-core/2.8.11/jackson-core-2.8.11.jar:/home/rakesh/.m2/repository/org/springframework/spring-web/4.3.25.RELEASE/spring-web-4.3.25.RELEASE.jar:/home/rakesh/.m2/repository/org/springframework/spring-webmvc/4.3.25.RELEASE/spring-webmvc-4.3.25.RELEASE.jar:/home/rakesh/.m2/repository/org/springframework/boot/spring-boot-starter-integration/1.5.22.RELEASE/spring-boot-starter-integration-1.5.22.RELEASE.jar:/home/rakesh/.m2/repository/org/springframework/integration/spring-integration-core/4.3.21.RELEASE/spring-integration-core-4.3.21.RELEASE.jar:/home/rakesh/.m2/repository/org/springframework/spring-messaging/4.3.25.RELEASE/spring-messaging-4.3.25.RELEASE.jar:/home/rakesh/.m2/repository/org/springframework/retry/spring-retry/1.2.4.RELEASE/spring-retry-1.2.4.RELEASE.jar:/home/rakesh/.m2/repository/org/springframework/integration/spring-integration-java-dsl/1.2.3.RELEASE/spring-integration-java-dsl-1.2.3.RELEASE.jar:/home/rakesh/.m2/repository/org/reactivestreams/reactive-streams/1.0.0/reactive-streams-1.0.0.jar:/home/rakesh/.m2/repository/org/springframework/boot/spring-boot-starter-aop/1.5.22.RELEASE/spring-boot-starter-aop-1.5.22.RELEASE.jar:/home/rakesh/.m2/repository/org/springframework/spring-aop/4.3.25.RELEASE/spring-aop-4.3.25.RELEASE.jar:/home/rakesh/.m2/repository/org/aspectj/aspectjweaver/1.8.14/aspectjweaver-1.8.14.jar:/home/rakesh/.m2/repository/org/springframework/boot/spring-boot-starter-actuator/1.5.22.RELEASE/spring-boot-starter-actuator-1.5.22.RELEASE.jar:/home/rakesh/.m2/repository/org/springframework/boot/spring-boot-actuator/1.5.22.RELEASE/spring-boot-actuator-1.5.22.RELEASE.jar:/home/rakesh/.m2/repository/org/projectlombok/lombok/1.16.22/lombok-1.16.22.jar:/home/rakesh/.m2/repository/io/springfox/springfox-swagger2/2.4.0/springfox-swagger2-2.4.0.jar:/home/rakesh/.m2/repository/io/swagger/swagger-annotations/1.5.6/swagger-annotations-1.5.6.jar:/home/rakesh/.m2/repository/io/swagger/swagger-models/1.5.6/swagger-models-1.5.6.jar:/home/rakesh/.m2/repository/io/springfox/springfox-spi/2.4.0/springfox-spi-2.4.0.jar:/home/rakesh/.m2/repository/io/springfox/springfox-core/2.4.0/springfox-core-2.4.0.jar:/home/rakesh/.m2/repository/io/springfox/springfox-schema/2.4.0/springfox-schema-2.4.0.jar:/home/rakesh/.m2/repository/io/springfox/springfox-swagger-common/2.4.0/springfox-swagger-common-2.4.0.jar:/home/rakesh/.m2/repository/io/springfox/springfox-spring-web/2.4.0/springfox-spring-web-2.4.0.jar:/home/rakesh/.m2/repository/com/google/guava/guava/18.0/guava-18.0.jar:/home/rakesh/.m2/repository/com/fasterxml/classmate/1.3.4/classmate-1.3.4.jar:/home/rakesh/.m2/repository/org/slf4j/slf4j-api/1.7.26/slf4j-api-1.7.26.jar:/home/rakesh/.m2/repository/org/springframework/plugin/spring-plugin-core/1.2.0.RELEASE/spring-plugin-core-1.2.0.RELEASE.jar:/home/rakesh/.m2/repository/org/springframework/plugin/spring-plugin-metadata/1.2.0.RELEASE/spring-plugin-metadata-1.2.0.RELEASE.jar:/home/rakesh/.m2/repository/io/springfox/springfox-swagger-ui/2.4.0/springfox-swagger-ui-2.4.0.jar:/home/rakesh/.m2/repository/org/springframework/boot/spring-boot-starter-test/1.5.22.RELEASE/spring-boot-starter-test-1.5.22.RELEASE.jar:/home/rakesh/.m2/repository/org/springframework/boot/spring-boot-test/1.5.22.RELEASE/spring-boot-test-1.5.22.RELEASE.jar:/home/rakesh/.m2/repository/org/springframework/boot/spring-boot-test-autoconfigure/1.5.22.RELEASE/spring-boot-test-autoconfigure-1.5.22.RELEASE.jar:/home/rakesh/.m2/repository/com/jayway/jsonpath/json-path/2.2.0/json-path-2.2.0.jar:/home/rakesh/.m2/repository/net/minidev/json-smart/2.2.1/json-smart-2.2.1.jar:/home/rakesh/.m2/repository/net/minidev/accessors-smart/1.1/accessors-smart-1.1.jar:/home/rakesh/.m2/repository/org/ow2/asm/asm/5.0.3/asm-5.0.3.jar:/home/rakesh/.m2/repository/org/assertj/assertj-core/2.6.0/assertj-core-2.6.0.jar:/home/rakesh/.m2/repository/org/hamcrest/hamcrest-core/1.3/hamcrest-core-1.3.jar:/home/rakesh/.m2/repository/org/hamcrest/hamcrest-library/1.3/hamcrest-library-1.3.jar:/home/rakesh/.m2/repository/org/skyscreamer/jsonassert/1.4.0/jsonassert-1.4.0.jar:/home/rakesh/.m2/repository/com/vaadin/external/google/android-json/0.0.20131108.vaadin1/android-json-0.0.20131108.vaadin1.jar:/home/rakesh/.m2/repository/org/springframework/spring-core/4.3.25.RELEASE/spring-core-4.3.25.RELEASE.jar:/home/rakesh/.m2/repository/org/springframework/spring-test/4.3.25.RELEASE/spring-test-4.3.25.RELEASE.jar:/home/rakesh/.m2/repository/junit/junit/4.12/junit-4.12.jar:/home/rakesh/.m2/repository/org/mockito/mockito-core/1.10.19/mockito-core-1.10.19.jar:/home/rakesh/.m2/repository/org/objenesis/objenesis/2.1/objenesis-2.1.jar:/home/rakesh/.m2/repository/com/alibaba/fastjson/1.2.31/fastjson-1.2.31.jar:, sun.cpu.endian=little, user.home=/home/rakesh, user.language=en, java.specification.vendor=Oracle Corporation, java.version.date=2021-01-19, java.home=/usr/lib64/jvm/java-11-openjdk-11, file.separator=/, basedir=/home/rakesh/project/train-ticket/ts-order-service, java.vm.compressedOopsMode=Zero based, line.separator=
, java.specification.name=Java Platform API Specification, java.vm.specification.vendor=Oracle Corporation, java.awt.graphicsenv=sun.awt.X11GraphicsEnvironment, surefire.real.class.path=/home/rakesh/project/train-ticket/ts-order-service/target/surefire/surefirebooter12772652690271191239.jar, sun.management.compiler=HotSpot 64-Bit Tiered Compilers, java.runtime.version=11.0.10+9-suse-lp152.2.9.1-x8664, user.name=rakesh, path.separator=:, os.version=5.3.18-lp152.66-default, java.runtime.name=OpenJDK Runtime Environment, file.encoding=UTF-8, java.vm.name=OpenJDK 64-Bit Server VM, localRepository=/home/rakesh/.m2/repository, java.vendor.url.bug=https://bugreport.java.com/bugreport/, java.io.tmpdir=/tmp, java.version=11.0.10, user.dir=/home/rakesh/project/train-ticket/ts-order-service, os.arch=amd64, java.vm.specification.name=Java Virtual Machine Specification, java.awt.printerjob=sun.print.PSPrinterJob, sun.os.patch.level=unknown, java.library.path=/usr/java/packages/lib:/usr/lib64:/lib64:/lib:/usr/lib, java.vm.info=mixed mode, java.vendor=Oracle Corporation, java.vm.version=11.0.10+9-suse-lp152.2.9.1-x8664, sun.io.unicode.encoding=UnicodeLittle, java.class.version=55.0}}, SystemEnvironmentPropertySource@118875416 {name='systemEnvironment', properties={PATH=/home/rakesh/bin:/usr/local/bin:/usr/bin:/bin, INVOCATION_ID=b2ba65cb4aca478ba12a1623b5f5fa99, XDG_DATA_DIRS=/home/rakesh/.local/share/flatpak/exports/share:/var/lib/flatpak/exports/share:/usr/local/share:/usr/share, CONFIG_SITE=/usr/share/site/x86_64-unknown-linux-gnu, WINDOWMANAGER=/usr/bin/gnome, CPU=x86_64, HOST=opensuse, DBUS_SESSION_BUS_ADDRESS=unix:path=/run/user/1005/bus, JRE_HOME=/usr/lib64/jvm/java-11-openjdk-11, XDG_CURRENT_DESKTOP=GNOME, MACHTYPE=x86_64-suse-linux, JOURNAL_STREAM=9:56468, XRDP_SOCKET_PATH=/tmp/.xrdp, G_FILENAME_ENCODING=@locale,UTF-8,ISO-8859-15,CP1252, MAIL=/var/spool/mail/rakesh, MINICOM=-c on, XRDP_PULSE_SOURCE_SOCKET=xrdp_chansrv_audio_in_socket_228, QT_SYSTEM_DIR=/usr/share/desktop-data, COLORTERM=truecolor, CSHEDIT=emacs, SESSION_MANAGER=local/opensuse:@/tmp/.ICE-unix/5403,unix/opensuse:/tmp/.ICE-unix/5403, LS_OPTIONS=-N --color=tty -T 0, OSTYPE=linux, LOGNAME=rakesh, ALSA_CONFIG_PATH=/etc/alsa-pulse.conf, PWD=/home/rakesh/project/train-ticket/ts-order-service, MANAGERPID=5279, goals=clean compile test install package deploy site verify eclipse:eclipse idea:idea assembly:assembly plexus:app plexus:bundle-application plexus:bundle-runtime plexus:descriptor plexus:runtime plexus:service dependency:analyze dependency:analyze-dep-mgt dependency:analyze-only dependency:analyze-report dependency:analyze-duplicate dependency:build-classpath dependency:copy dependency:copy-dependencies dependency:get dependency:go-offline dependency:list dependency:properties dependency:purge-local-repository dependency:resolve dependency:resolve-plugins dependency:sources dependency:tree dependency:unpack dependency:unpack-dependencies, XCURSOR_THEME=DMZ, GJS_DEBUG_TOPICS=JS ERROR;JS LOG, LESSOPEN=lessopen.sh %s, SHELL=/bin/bash, PAGER=less, HOSTTYPE=x86_64, OLDPWD=/home/rakesh/project/train-ticket/ts-order-service, UID=1005, GNOME_TERMINAL_SCREEN=/org/gnome/Terminal/screen/c724d187_ac1c_4c47_9039_be7c272ad7f4, LESS=-M -I -R, LS_COLORS=no=00:fi=00:di=01;34:ln=00;36:pi=40;33:so=01;35:do=01;35:bd=40;33;01:cd=40;33;01:or=41;33;01:ex=00;32:*.cmd=00;32:*.exe=01;32:*.com=01;32:*.bat=01;32:*.btm=01;32:*.dll=01;32:*.tar=00;31:*.tbz=00;31:*.tgz=00;31:*.rpm=00;31:*.deb=00;31:*.arj=00;31:*.taz=00;31:*.lzh=00;31:*.lzma=00;31:*.zip=00;31:*.zoo=00;31:*.z=00;31:*.Z=00;31:*.gz=00;31:*.bz2=00;31:*.tb2=00;31:*.tz2=00;31:*.tbz2=00;31:*.xz=00;31:*.avi=01;35:*.bmp=01;35:*.dl=01;35:*.fli=01;35:*.gif=01;35:*.gl=01;35:*.jpg=01;35:*.jpeg=01;35:*.mkv=01;35:*.mng=01;35:*.mov=01;35:*.mp4=01;35:*.mpg=01;35:*.pcx=01;35:*.pbm=01;35:*.pgm=01;35:*.png=01;35:*.ppm=01;35:*.svg=01;35:*.tga=01;35:*.tif=01;35:*.webm=01;35:*.webp=01;35:*.wmv=01;35:*.xbm=01;35:*.xcf=01;35:*.xpm=01;35:*.aiff=00;32:*.ape=00;32:*.au=00;32:*.flac=00;32:*.m4a=00;32:*.mid=00;32:*.mp3=00;32:*.mpc=00;32:*.ogg=00;32:*.voc=00;32:*.wav=00;32:*.wma=00;32:*.wv=00;32:, SHLVL=3, LESSCLOSE=lessclose.sh %s %s, QEMU_AUDIO_DRV=pa, MANPATH=/usr/local/man:/usr/local/share/man:/usr/share/man, HISTSIZE=1000, JAVA_BINDIR=/usr/lib64/jvm/jre-11-openjdk/bin, JAVA_ROOT=/usr/lib64/jvm/jre-11-openjdk, SDL_AUDIODRIVER=pulse, JAVA_HOME=/usr/lib64/jvm/jre-11-openjdk, TERM=xterm-256color, XDG_CONFIG_DIRS=/etc/xdg, GNOME_TERMINAL_SERVICE=:1.86, AUDIODRIVER=pulseaudio, LANG=en_US.UTF-8, XDG_SESSION_TYPE=x11, G_BROKEN_FILENAMES=1, DISPLAY=:228.0, PYTHONSTARTUP=/etc/pythonstart, LESSKEY=/etc/lesskey.bin, XNLSPATH=/usr/share/X11/nls, PULSE_SCRIPT=/etc/xrdp/pulse/default.pa, FROM_HEADER=, MAVEN_CMD_LINE_ARGS= clean install, _=/usr/lib64/jvm/java-11-openjdk-11/bin/java, XRDP_SESSION=1, PROFILEREAD=true, MAVEN_PROJECTBASEDIR=/home/rakesh/project/train-ticket/ts-order-service, JAVACMD=/usr/lib64/jvm/jre-11-openjdk/bin/java, GPG_TTY=/dev/pts/2, USER=rakesh, XDG_MENU_PREFIX=gnome-, VTE_VERSION=5803, GJS_DEBUG_OUTPUT=stderr, MORE=-sl, SSH_AUTH_SOCK=/run/user/1005/keyring/ssh, HOSTNAME=opensuse, XRDP_PULSE_SINK_SOCKET=xrdp_chansrv_audio_out_socket_228, XKEYSYMDB=/usr/X11R6/lib/X11/XKeysymDB, LESS_ADVANCED_PREPROCESSOR=no, XDG_RUNTIME_DIR=/run/user/1005, HOME=/home/rakesh}}]
13:50:28.160 [main] DEBUG org.springframework.test.web.servlet.setup.StandaloneMockMvcBuilder$StaticRequestMappingHandlerMapping - Looking for request mappings in application context: org.springframework.test.web.servlet.setup.StubWebApplicationContext@413d2d3e
13:50:28.163 [main] DEBUG org.springframework.test.web.servlet.setup.StandaloneMockMvcBuilder$StaticRequestMappingHandlerMapping - 16 request handler methods found on class order.controller.OrderController: {public java.lang.String order.controller.OrderController.home()={[/api/v1/orderservice/welcome],methods=[GET]}, public org.springframework.http.HttpEntity order.controller.OrderController.queryOrders(order.entity.OrderInfo,org.springframework.http.HttpHeaders)={[/api/v1/orderservice/order/query],methods=[POST]}, public org.springframework.http.HttpEntity order.controller.OrderController.queryOrdersForRefresh(order.entity.OrderInfo,org.springframework.http.HttpHeaders)={[/api/v1/orderservice/order/refresh],methods=[POST]}, public org.springframework.http.HttpEntity order.controller.OrderController.modifyOrder(java.lang.String,int,org.springframework.http.HttpHeaders)={[/api/v1/orderservice/order/status/{orderId}/{status}],methods=[GET]}, public org.springframework.http.HttpEntity order.controller.OrderController.getOrderPrice(java.lang.String,org.springframework.http.HttpHeaders)={[/api/v1/orderservice/order/price/{orderId}],methods=[GET]}, public org.springframework.http.HttpEntity order.controller.OrderController.payOrder(java.lang.String,org.springframework.http.HttpHeaders)={[/api/v1/orderservice/order/orderPay/{orderId}],methods=[GET]}, public org.springframework.http.HttpEntity order.controller.OrderController.getOrderById(java.lang.String,org.springframework.http.HttpHeaders)={[/api/v1/orderservice/order/{orderId}],methods=[GET]}, public org.springframework.http.HttpEntity order.controller.OrderController.deleteOrder(java.lang.String,org.springframework.http.HttpHeaders)={[/api/v1/orderservice/order/{orderId}],methods=[DELETE]}, public org.springframework.http.HttpEntity order.controller.OrderController.updateOrder(order.entity.Order,org.springframework.http.HttpHeaders)={[/api/v1/orderservice/order/admin],methods=[PUT]}, public org.springframework.http.HttpEntity order.controller.OrderController.findAllOrder(org.springframework.http.HttpHeaders)={[/api/v1/orderservice/order],methods=[GET]}, public org.springframework.http.HttpEntity order.controller.OrderController.addcreateNewOrder(order.entity.Order,org.springframework.http.HttpHeaders)={[/api/v1/orderservice/order/admin],methods=[POST]}, public org.springframework.http.HttpEntity order.controller.OrderController.getTicketListByDateAndTripId(order.entity.Seat,org.springframework.http.HttpHeaders)={[/api/v1/orderservice/order/tickets],methods=[POST]}, public org.springframework.http.HttpEntity order.controller.OrderController.calculateSoldTicket(java.util.Date,java.lang.String,org.springframework.http.HttpHeaders)={[/api/v1/orderservice/order/{travelDate}/{trainNumber}],methods=[GET]}, public org.springframework.http.HttpEntity order.controller.OrderController.createNewOrder(order.entity.Order,org.springframework.http.HttpHeaders)={[/api/v1/orderservice/order],methods=[POST]}, public org.springframework.http.HttpEntity order.controller.OrderController.securityInfoCheck(java.util.Date,java.lang.String,org.springframework.http.HttpHeaders)={[/api/v1/orderservice/order/security/{checkDate}/{accountId}],methods=[GET]}, public org.springframework.http.HttpEntity order.controller.OrderController.saveOrderInfo(order.entity.Order,org.springframework.http.HttpHeaders)={[/api/v1/orderservice/order],methods=[PUT]}}
13:50:28.163 [main] INFO org.springframework.test.web.servlet.setup.StandaloneMockMvcBuilder$StaticRequestMappingHandlerMapping - Mapped "{[/api/v1/orderservice/welcome],methods=[GET]}" onto public java.lang.String order.controller.OrderController.home()
13:50:28.164 [main] INFO org.springframework.test.web.servlet.setup.StandaloneMockMvcBuilder$StaticRequestMappingHandlerMapping - Mapped "{[/api/v1/orderservice/order/query],methods=[POST]}" onto public org.springframework.http.HttpEntity order.controller.OrderController.queryOrders(order.entity.OrderInfo,org.springframework.http.HttpHeaders)
13:50:28.164 [main] INFO org.springframework.test.web.servlet.setup.StandaloneMockMvcBuilder$StaticRequestMappingHandlerMapping - Mapped "{[/api/v1/orderservice/order/refresh],methods=[POST]}" onto public org.springframework.http.HttpEntity order.controller.OrderController.queryOrdersForRefresh(order.entity.OrderInfo,org.springframework.http.HttpHeaders)
13:50:28.164 [main] INFO org.springframework.test.web.servlet.setup.StandaloneMockMvcBuilder$StaticRequestMappingHandlerMapping - Mapped "{[/api/v1/orderservice/order/status/{orderId}/{status}],methods=[GET]}" onto public org.springframework.http.HttpEntity order.controller.OrderController.modifyOrder(java.lang.String,int,org.springframework.http.HttpHeaders)
13:50:28.164 [main] INFO org.springframework.test.web.servlet.setup.StandaloneMockMvcBuilder$StaticRequestMappingHandlerMapping - Mapped "{[/api/v1/orderservice/order/price/{orderId}],methods=[GET]}" onto public org.springframework.http.HttpEntity order.controller.OrderController.getOrderPrice(java.lang.String,org.springframework.http.HttpHeaders)
13:50:28.164 [main] INFO org.springframework.test.web.servlet.setup.StandaloneMockMvcBuilder$StaticRequestMappingHandlerMapping - Mapped "{[/api/v1/orderservice/order/orderPay/{orderId}],methods=[GET]}" onto public org.springframework.http.HttpEntity order.controller.OrderController.payOrder(java.lang.String,org.springframework.http.HttpHeaders)
13:50:28.164 [main] INFO org.springframework.test.web.servlet.setup.StandaloneMockMvcBuilder$StaticRequestMappingHandlerMapping - Mapped "{[/api/v1/orderservice/order/{orderId}],methods=[GET]}" onto public org.springframework.http.HttpEntity order.controller.OrderController.getOrderById(java.lang.String,org.springframework.http.HttpHeaders)
13:50:28.165 [main] INFO org.springframework.test.web.servlet.setup.StandaloneMockMvcBuilder$StaticRequestMappingHandlerMapping - Mapped "{[/api/v1/orderservice/order/{orderId}],methods=[DELETE]}" onto public org.springframework.http.HttpEntity order.controller.OrderController.deleteOrder(java.lang.String,org.springframework.http.HttpHeaders)
13:50:28.165 [main] INFO org.springframework.test.web.servlet.setup.StandaloneMockMvcBuilder$StaticRequestMappingHandlerMapping - Mapped "{[/api/v1/orderservice/order/admin],methods=[PUT]}" onto public org.springframework.http.HttpEntity order.controller.OrderController.updateOrder(order.entity.Order,org.springframework.http.HttpHeaders)
13:50:28.165 [main] INFO org.springframework.test.web.servlet.setup.StandaloneMockMvcBuilder$StaticRequestMappingHandlerMapping - Mapped "{[/api/v1/orderservice/order],methods=[GET]}" onto public org.springframework.http.HttpEntity order.controller.OrderController.findAllOrder(org.springframework.http.HttpHeaders)
13:50:28.165 [main] INFO org.springframework.test.web.servlet.setup.StandaloneMockMvcBuilder$StaticRequestMappingHandlerMapping - Mapped "{[/api/v1/orderservice/order/admin],methods=[POST]}" onto public org.springframework.http.HttpEntity order.controller.OrderController.addcreateNewOrder(order.entity.Order,org.springframework.http.HttpHeaders)
13:50:28.166 [main] INFO org.springframework.test.web.servlet.setup.StandaloneMockMvcBuilder$StaticRequestMappingHandlerMapping - Mapped "{[/api/v1/orderservice/order/tickets],methods=[POST]}" onto public org.springframework.http.HttpEntity order.controller.OrderController.getTicketListByDateAndTripId(order.entity.Seat,org.springframework.http.HttpHeaders)
13:50:28.166 [main] INFO org.springframework.test.web.servlet.setup.StandaloneMockMvcBuilder$StaticRequestMappingHandlerMapping - Mapped "{[/api/v1/orderservice/order/{travelDate}/{trainNumber}],methods=[GET]}" onto public org.springframework.http.HttpEntity order.controller.OrderController.calculateSoldTicket(java.util.Date,java.lang.String,org.springframework.http.HttpHeaders)
13:50:28.166 [main] INFO org.springframework.test.web.servlet.setup.StandaloneMockMvcBuilder$StaticRequestMappingHandlerMapping - Mapped "{[/api/v1/orderservice/order],methods=[POST]}" onto public org.springframework.http.HttpEntity order.controller.OrderController.createNewOrder(order.entity.Order,org.springframework.http.HttpHeaders)
13:50:28.166 [main] INFO org.springframework.test.web.servlet.setup.StandaloneMockMvcBuilder$StaticRequestMappingHandlerMapping - Mapped "{[/api/v1/orderservice/order/security/{checkDate}/{accountId}],methods=[GET]}" onto public org.springframework.http.HttpEntity order.controller.OrderController.securityInfoCheck(java.util.Date,java.lang.String,org.springframework.http.HttpHeaders)
13:50:28.166 [main] INFO org.springframework.test.web.servlet.setup.StandaloneMockMvcBuilder$StaticRequestMappingHandlerMapping - Mapped "{[/api/v1/orderservice/order],methods=[PUT]}" onto public org.springframework.http.HttpEntity order.controller.OrderController.saveOrderInfo(order.entity.Order,org.springframework.http.HttpHeaders)
13:50:28.175 [main] DEBUG org.hibernate.validator.internal.engine.resolver.DefaultTraversableResolver - Cannot find javax.persistence.Persistence on classpath. Assuming non JPA 2 environment. All properties will per default be traversable.
13:50:28.176 [main] DEBUG org.hibernate.validator.internal.engine.ConfigurationImpl - Setting custom MessageInterpolator of type org.springframework.validation.beanvalidation.LocaleContextMessageInterpolator
13:50:28.176 [main] DEBUG org.hibernate.validator.internal.engine.ConfigurationImpl - Setting custom ParameterNameProvider of type com.sun.proxy.$Proxy33
13:50:28.176 [main] DEBUG org.hibernate.validator.internal.xml.ValidationXmlParser - Trying to load META-INF/validation.xml for XML based Validator configuration.
13:50:28.176 [main] DEBUG org.hibernate.validator.internal.xml.ResourceLoaderHelper - Trying to load META-INF/validation.xml via TCCL
13:50:28.176 [main] DEBUG org.hibernate.validator.internal.xml.ResourceLoaderHelper - Trying to load META-INF/validation.xml via Hibernate Validator's class loader
13:50:28.176 [main] DEBUG org.hibernate.validator.internal.xml.ValidationXmlParser - No META-INF/validation.xml found. Using annotation based configuration only.
13:50:28.177 [main] INFO org.springframework.web.servlet.mvc.method.annotation.RequestMappingHandlerAdapter - Looking for @ControllerAdvice: org.springframework.test.web.servlet.setup.StubWebApplicationContext@413d2d3e
13:50:28.178 [main] DEBUG org.springframework.web.servlet.mvc.method.annotation.ExceptionHandlerExceptionResolver - Looking for exception mappings: org.springframework.test.web.servlet.setup.StubWebApplicationContext@413d2d3e
13:50:28.178 [main] DEBUG org.springframework.test.web.servlet.TestDispatcherServlet - Initializing servlet ''
13:50:28.178 [main] INFO org.springframework.mock.web.MockServletContext - Initializing Spring FrameworkServlet ''
13:50:28.178 [main] INFO org.springframework.test.web.servlet.TestDispatcherServlet - FrameworkServlet '': initialization started
13:50:28.179 [main] DEBUG org.springframework.test.web.servlet.TestDispatcherServlet - Unable to locate MultipartResolver with name 'multipartResolver': no multipart request handling provided
13:50:28.179 [main] DEBUG org.springframework.test.web.servlet.TestDispatcherServlet - Using LocaleResolver [org.springframework.web.servlet.i18n.AcceptHeaderLocaleResolver@47aac663]
13:50:28.179 [main] DEBUG org.springframework.test.web.servlet.TestDispatcherServlet - Using ThemeResolver [org.springframework.web.servlet.theme.FixedThemeResolver@7dd322a]
13:50:28.179 [main] DEBUG org.springframework.test.web.servlet.TestDispatcherServlet - Using RequestToViewNameTranslator [org.springframework.web.servlet.view.DefaultRequestToViewNameTranslator@47dd6579]
13:50:28.179 [main] DEBUG org.springframework.test.web.servlet.TestDispatcherServlet - Using FlashMapManager [org.springframework.web.servlet.support.SessionFlashMapManager@2e484f94]
13:50:28.179 [main] DEBUG org.springframework.test.web.servlet.TestDispatcherServlet - Published WebApplicationContext of servlet '' as ServletContext attribute with name [org.springframework.web.servlet.FrameworkServlet.CONTEXT.]
13:50:28.179 [main] INFO org.springframework.test.web.servlet.TestDispatcherServlet - FrameworkServlet '': initialization completed in 1 ms
13:50:28.179 [main] DEBUG org.springframework.test.web.servlet.TestDispatcherServlet - Servlet '' configured successfully
13:50:28.179 [main] DEBUG org.springframework.test.web.servlet.TestDispatcherServlet - DispatcherServlet with name '' processing GET request for [/api/v1/orderservice/order/security/Mon%20May%2010%2013:50:28%20IST%202021/account_id]
13:50:28.179 [main] DEBUG org.springframework.test.web.servlet.setup.StandaloneMockMvcBuilder$StaticRequestMappingHandlerMapping - Looking up handler method for path /api/v1/orderservice/order/security/Mon May 10 13:50:28 IST 2021/account_id
13:50:28.181 [main] DEBUG org.springframework.test.web.servlet.setup.StandaloneMockMvcBuilder$StaticRequestMappingHandlerMapping - Returning handler method [public org.springframework.http.HttpEntity order.controller.OrderController.securityInfoCheck(java.util.Date,java.lang.String,org.springframework.http.HttpHeaders)]
13:50:28.181 [main] DEBUG org.springframework.test.web.servlet.TestDispatcherServlet - Last-Modified value for [/api/v1/orderservice/order/security/Mon%20May%2010%2013:50:28%20IST%202021/account_id] is: -1
13:50:28.195 [main] DEBUG org.springframework.beans.BeanUtils - No property editor [java.util.DateEditor] found for type java.util.Date according to 'Editor' suffix convention
13:50:28.198 [main] DEBUG org.springframework.web.servlet.mvc.method.annotation.ServletInvocableHandlerMethod - Failed to resolve argument 0 of type 'java.util.Date'
org.springframework.web.method.annotation.MethodArgumentTypeMismatchException: Failed to convert value of type 'java.lang.String' to required type 'java.util.Date'; nested exception is org.springframework.core.convert.ConversionFailedException: Failed to convert from type [java.lang.String] to type [@org.springframework.web.bind.annotation.PathVariable java.util.Date] for value 'Mon May 10 13:50:28 IST 2021'; nested exception is java.lang.IllegalArgumentException
	at org.springframework.web.method.annotation.AbstractNamedValueMethodArgumentResolver.resolveArgument(AbstractNamedValueMethodArgumentResolver.java:128)
	at org.springframework.web.method.support.HandlerMethodArgumentResolverComposite.resolveArgument(HandlerMethodArgumentResolverComposite.java:122)
	at org.springframework.web.method.support.InvocableHandlerMethod.getMethodArgumentValues(InvocableHandlerMethod.java:158)
	at org.springframework.web.method.support.InvocableHandlerMethod.invokeForRequest(InvocableHandlerMethod.java:128)
	at org.springframework.web.servlet.mvc.method.annotation.ServletInvocableHandlerMethod.invokeAndHandle(ServletInvocableHandlerMethod.java:97)
	at org.springframework.web.servlet.mvc.method.annotation.RequestMappingHandlerAdapter.invokeHandlerMethod(RequestMappingHandlerAdapter.java:854)
	at org.springframework.web.servlet.mvc.method.annotation.RequestMappingHandlerAdapter.handleInternal(RequestMappingHandlerAdapter.java:765)
	at org.springframework.web.servlet.mvc.method.AbstractHandlerMethodAdapter.handle(AbstractHandlerMethodAdapter.java:85)
	at org.springframework.web.servlet.DispatcherServlet.doDispatch(DispatcherServlet.java:967)
	at org.springframework.web.servlet.DispatcherServlet.doService(DispatcherServlet.java:901)
	at org.springframework.web.servlet.FrameworkServlet.processRequest(FrameworkServlet.java:970)
	at org.springframework.web.servlet.FrameworkServlet.doGet(FrameworkServlet.java:861)
	at javax.servlet.http.HttpServlet.service(HttpServlet.java:634)
	at org.springframework.web.servlet.FrameworkServlet.service(FrameworkServlet.java:846)
	at org.springframework.test.web.servlet.TestDispatcherServlet.service(TestDispatcherServlet.java:71)
	at javax.servlet.http.HttpServlet.service(HttpServlet.java:741)
	at org.springframework.mock.web.MockFilterChain$ServletFilterProxy.doFilter(MockFilterChain.java:160)
	at org.springframework.mock.web.MockFilterChain.doFilter(MockFilterChain.java:127)
	at org.springframework.test.web.servlet.MockMvc.perform(MockMvc.java:151)
	at order.controller.OrderControllerTest.testSecurityInfoCheck(OrderControllerTest.java:155)
	at java.base/jdk.internal.reflect.NativeMethodAccessorImpl.invoke0(Native Method)
	at java.base/jdk.internal.reflect.NativeMethodAccessorImpl.invoke(NativeMethodAccessorImpl.java:62)
	at java.base/jdk.internal.reflect.DelegatingMethodAccessorImpl.invoke(DelegatingMethodAccessorImpl.java:43)
	at java.base/java.lang.reflect.Method.invoke(Method.java:566)
	at org.junit.runners.model.FrameworkMethod$1.runReflectiveCall(FrameworkMethod.java:50)
	at org.junit.internal.runners.model.ReflectiveCallable.run(ReflectiveCallable.java:12)
	at org.junit.runners.model.FrameworkMethod.invokeExplosively(FrameworkMethod.java:47)
	at org.junit.internal.runners.statements.InvokeMethod.evaluate(InvokeMethod.java:17)
	at org.junit.internal.runners.statements.RunBefores.evaluate(RunBefores.java:26)
	at org.junit.runners.ParentRunner.runLeaf(ParentRunner.java:325)
	at org.junit.runners.BlockJUnit4ClassRunner.runChild(BlockJUnit4ClassRunner.java:78)
	at org.junit.runners.BlockJUnit4ClassRunner.runChild(BlockJUnit4ClassRunner.java:57)
	at org.junit.runners.ParentRunner$3.run(ParentRunner.java:290)
	at org.junit.runners.ParentRunner$1.schedule(ParentRunner.java:71)
	at org.junit.runners.ParentRunner.runChildren(ParentRunner.java:288)
	at org.junit.runners.ParentRunner.access$000(ParentRunner.java:58)
	at org.junit.runners.ParentRunner$2.evaluate(ParentRunner.java:268)
	at org.junit.runners.ParentRunner.run(ParentRunner.java:363)
	at org.apache.maven.surefire.junit4.JUnit4Provider.execute(JUnit4Provider.java:283)
	at org.apache.maven.surefire.junit4.JUnit4Provider.executeWithRerun(JUnit4Provider.java:173)
	at org.apache.maven.surefire.junit4.JUnit4Provider.executeTestSet(JUnit4Provider.java:153)
	at org.apache.maven.surefire.junit4.JUnit4Provider.invoke(JUnit4Provider.java:128)
	at org.apache.maven.surefire.booter.ForkedBooter.invokeProviderInSameClassLoader(ForkedBooter.java:203)
	at org.apache.maven.surefire.booter.ForkedBooter.runSuitesInProcess(ForkedBooter.java:155)
	at org.apache.maven.surefire.booter.ForkedBooter.main(ForkedBooter.java:103)
Caused by: org.springframework.core.convert.ConversionFailedException: Failed to convert from type [java.lang.String] to type [@org.springframework.web.bind.annotation.PathVariable java.util.Date] for value 'Mon May 10 13:50:28 IST 2021'; nested exception is java.lang.IllegalArgumentException
	at org.springframework.core.convert.support.ObjectToObjectConverter.convert(ObjectToObjectConverter.java:110)
	at org.springframework.core.convert.support.ConversionUtils.invokeConverter(ConversionUtils.java:38)
	at org.springframework.core.convert.support.GenericConversionService.convert(GenericConversionService.java:203)
	at org.springframework.beans.TypeConverterDelegate.convertIfNecessary(TypeConverterDelegate.java:174)
	at org.springframework.beans.TypeConverterDelegate.convertIfNecessary(TypeConverterDelegate.java:109)
	at org.springframework.beans.TypeConverterSupport.doConvert(TypeConverterSupport.java:64)
	at org.springframework.beans.TypeConverterSupport.convertIfNecessary(TypeConverterSupport.java:47)
	at org.springframework.validation.DataBinder.convertIfNecessary(DataBinder.java:714)
	at org.springframework.web.method.annotation.AbstractNamedValueMethodArgumentResolver.resolveArgument(AbstractNamedValueMethodArgumentResolver.java:120)
	... 44 common frames omitted
Caused by: java.lang.IllegalArgumentException: null
	at java.base/java.util.Date.parse(Date.java:616)
	at java.base/java.util.Date.<init>(Date.java:274)
	at java.base/jdk.internal.reflect.NativeConstructorAccessorImpl.newInstance0(Native Method)
	at java.base/jdk.internal.reflect.NativeConstructorAccessorImpl.newInstance(NativeConstructorAccessorImpl.java:62)
	at java.base/jdk.internal.reflect.DelegatingConstructorAccessorImpl.newInstance(DelegatingConstructorAccessorImpl.java:45)
	at java.base/java.lang.reflect.Constructor.newInstance(Constructor.java:490)
	at org.springframework.core.convert.support.ObjectToObjectConverter.convert(ObjectToObjectConverter.java:106)
	... 52 common frames omitted
13:50:28.206 [main] WARN org.springframework.web.servlet.mvc.support.DefaultHandlerExceptionResolver - Resolved exception caused by handler execution: org.springframework.web.method.annotation.MethodArgumentTypeMismatchException: Failed to convert value of type 'java.lang.String' to required type 'java.util.Date'; nested exception is org.springframework.core.convert.ConversionFailedException: Failed to convert from type [java.lang.String] to type [@org.springframework.web.bind.annotation.PathVariable java.util.Date] for value 'Mon May 10 13:50:28 IST 2021'; nested exception is java.lang.IllegalArgumentException
13:50:28.206 [main] DEBUG org.springframework.test.web.servlet.TestDispatcherServlet - Null ModelAndView returned to DispatcherServlet with name '': assuming HandlerAdapter completed request handling
13:50:28.206 [main] DEBUG org.springframework.test.web.servlet.TestDispatcherServlet - Successfully completed request
]]></system-out>
  </testcase>
  <testcase name="testHome" classname="order.controller.OrderControllerTest" time="0.019"/>
  <testcase name="testSaveOrderInfo" classname="order.controller.OrderControllerTest" time="0.022"/>
  <testcase name="testGetOrderById" classname="order.controller.OrderControllerTest" time="0.014"/>
  <testcase name="testCreateNewOrder" classname="order.controller.OrderControllerTest" time="0.026"/>
  <testcase name="testCalculateSoldTicket" classname="order.controller.OrderControllerTest" time="0.011">
    <failure message="Status expected:&lt;200&gt; but was:&lt;400&gt;" type="java.lang.AssertionError"><![CDATA[java.lang.AssertionError: Status expected:<200> but was:<400>
	at org.springframework.test.util.AssertionErrors.fail(AssertionErrors.java:54)
	at org.springframework.test.util.AssertionErrors.assertEquals(AssertionErrors.java:81)
	at org.springframework.test.web.servlet.result.StatusResultMatchers$10.match(StatusResultMatchers.java:665)
	at org.springframework.test.web.servlet.MockMvc$1.andExpect(MockMvc.java:164)
	at order.controller.OrderControllerTest.testCalculateSoldTicket(OrderControllerTest.java:110)
]]></failure>
    <system-out><![CDATA[13:50:28.289 [main] DEBUG org.springframework.core.env.StandardEnvironment - Adding PropertySource 'systemProperties' with lowest search precedence
13:50:28.289 [main] DEBUG org.springframework.core.env.StandardEnvironment - Adding PropertySource 'systemEnvironment' with lowest search precedence
13:50:28.289 [main] DEBUG org.springframework.core.env.StandardEnvironment - Initialized StandardEnvironment with PropertySources [MapPropertySource@1905580773 {name='systemProperties', properties={awt.toolkit=sun.awt.X11.XToolkit, java.specification.version=11, sun.cpu.isalist=, sun.jnu.encoding=UTF-8, java.class.path=/home/rakesh/project/train-ticket/ts-order-service/target/test-classes:/home/rakesh/project/train-ticket/ts-order-service/target/classes:/home/rakesh/.m2/repository/org/springframework/boot/spring-boot-starter-data-mongodb/1.5.22.RELEASE/spring-boot-starter-data-mongodb-1.5.22.RELEASE.jar:/home/rakesh/.m2/repository/org/springframework/boot/spring-boot-starter/1.5.22.RELEASE/spring-boot-starter-1.5.22.RELEASE.jar:/home/rakesh/.m2/repository/org/springframework/boot/spring-boot/1.5.22.RELEASE/spring-boot-1.5.22.RELEASE.jar:/home/rakesh/.m2/repository/org/springframework/boot/spring-boot-autoconfigure/1.5.22.RELEASE/spring-boot-autoconfigure-1.5.22.RELEASE.jar:/home/rakesh/.m2/repository/org/springframework/boot/spring-boot-starter-logging/1.5.22.RELEASE/spring-boot-starter-logging-1.5.22.RELEASE.jar:/home/rakesh/.m2/repository/ch/qos/logback/logback-classic/1.1.11/logback-classic-1.1.11.jar:/home/rakesh/.m2/repository/ch/qos/logback/logback-core/1.1.11/logback-core-1.1.11.jar:/home/rakesh/.m2/repository/org/slf4j/jul-to-slf4j/1.7.26/jul-to-slf4j-1.7.26.jar:/home/rakesh/.m2/repository/org/slf4j/log4j-over-slf4j/1.7.26/log4j-over-slf4j-1.7.26.jar:/home/rakesh/.m2/repository/org/yaml/snakeyaml/1.17/snakeyaml-1.17.jar:/home/rakesh/.m2/repository/org/mongodb/mongodb-driver/3.4.3/mongodb-driver-3.4.3.jar:/home/rakesh/.m2/repository/org/mongodb/mongodb-driver-core/3.4.3/mongodb-driver-core-3.4.3.jar:/home/rakesh/.m2/repository/org/mongodb/bson/3.4.3/bson-3.4.3.jar:/home/rakesh/.m2/repository/org/springframework/data/spring-data-mongodb/1.10.23.RELEASE/spring-data-mongodb-1.10.23.RELEASE.jar:/home/rakesh/.m2/repository/org/springframework/spring-tx/4.3.25.RELEASE/spring-tx-4.3.25.RELEASE.jar:/home/rakesh/.m2/repository/org/springframework/spring-context/4.3.25.RELEASE/spring-context-4.3.25.RELEASE.jar:/home/rakesh/.m2/repository/org/springframework/spring-beans/4.3.25.RELEASE/spring-beans-4.3.25.RELEASE.jar:/home/rakesh/.m2/repository/org/springframework/spring-expression/4.3.25.RELEASE/spring-expression-4.3.25.RELEASE.jar:/home/rakesh/.m2/repository/org/springframework/data/spring-data-commons/1.13.23.RELEASE/spring-data-commons-1.13.23.RELEASE.jar:/home/rakesh/.m2/repository/org/slf4j/jcl-over-slf4j/1.7.26/jcl-over-slf4j-1.7.26.jar:/home/rakesh/.m2/repository/org/services/ts-common/0.1.0/ts-common-0.1.0.jar:/home/rakesh/.m2/repository/io/jsonwebtoken/jjwt/0.8.0/jjwt-0.8.0.jar:/home/rakesh/.m2/repository/org/springframework/boot/spring-boot-starter-security/1.5.22.RELEASE/spring-boot-starter-security-1.5.22.RELEASE.jar:/home/rakesh/.m2/repository/org/springframework/security/spring-security-config/4.2.13.RELEASE/spring-security-config-4.2.13.RELEASE.jar:/home/rakesh/.m2/repository/org/springframework/security/spring-security-core/4.2.13.RELEASE/spring-security-core-4.2.13.RELEASE.jar:/home/rakesh/.m2/repository/org/springframework/security/spring-security-web/4.2.13.RELEASE/spring-security-web-4.2.13.RELEASE.jar:/home/rakesh/.m2/repository/org/springframework/boot/spring-boot-starter-web/1.5.22.RELEASE/spring-boot-starter-web-1.5.22.RELEASE.jar:/home/rakesh/.m2/repository/org/springframework/boot/spring-boot-starter-tomcat/1.5.22.RELEASE/spring-boot-starter-tomcat-1.5.22.RELEASE.jar:/home/rakesh/.m2/repository/org/apache/tomcat/embed/tomcat-embed-core/8.5.43/tomcat-embed-core-8.5.43.jar:/home/rakesh/.m2/repository/org/apache/tomcat/tomcat-annotations-api/8.5.43/tomcat-annotations-api-8.5.43.jar:/home/rakesh/.m2/repository/org/apache/tomcat/embed/tomcat-embed-el/8.5.43/tomcat-embed-el-8.5.43.jar:/home/rakesh/.m2/repository/org/apache/tomcat/embed/tomcat-embed-websocket/8.5.43/tomcat-embed-websocket-8.5.43.jar:/home/rakesh/.m2/repository/org/hibernate/hibernate-validator/5.3.6.Final/hibernate-validator-5.3.6.Final.jar:/home/rakesh/.m2/repository/javax/validation/validation-api/1.1.0.Final/validation-api-1.1.0.Final.jar:/home/rakesh/.m2/repository/org/jboss/logging/jboss-logging/3.3.2.Final/jboss-logging-3.3.2.Final.jar:/home/rakesh/.m2/repository/com/fasterxml/jackson/core/jackson-databind/2.8.11.3/jackson-databind-2.8.11.3.jar:/home/rakesh/.m2/repository/com/fasterxml/jackson/core/jackson-annotations/2.8.0/jackson-annotations-2.8.0.jar:/home/rakesh/.m2/repository/com/fasterxml/jackson/core/jackson-core/2.8.11/jackson-core-2.8.11.jar:/home/rakesh/.m2/repository/org/springframework/spring-web/4.3.25.RELEASE/spring-web-4.3.25.RELEASE.jar:/home/rakesh/.m2/repository/org/springframework/spring-webmvc/4.3.25.RELEASE/spring-webmvc-4.3.25.RELEASE.jar:/home/rakesh/.m2/repository/org/springframework/boot/spring-boot-starter-integration/1.5.22.RELEASE/spring-boot-starter-integration-1.5.22.RELEASE.jar:/home/rakesh/.m2/repository/org/springframework/integration/spring-integration-core/4.3.21.RELEASE/spring-integration-core-4.3.21.RELEASE.jar:/home/rakesh/.m2/repository/org/springframework/spring-messaging/4.3.25.RELEASE/spring-messaging-4.3.25.RELEASE.jar:/home/rakesh/.m2/repository/org/springframework/retry/spring-retry/1.2.4.RELEASE/spring-retry-1.2.4.RELEASE.jar:/home/rakesh/.m2/repository/org/springframework/integration/spring-integration-java-dsl/1.2.3.RELEASE/spring-integration-java-dsl-1.2.3.RELEASE.jar:/home/rakesh/.m2/repository/org/reactivestreams/reactive-streams/1.0.0/reactive-streams-1.0.0.jar:/home/rakesh/.m2/repository/org/springframework/boot/spring-boot-starter-aop/1.5.22.RELEASE/spring-boot-starter-aop-1.5.22.RELEASE.jar:/home/rakesh/.m2/repository/org/springframework/spring-aop/4.3.25.RELEASE/spring-aop-4.3.25.RELEASE.jar:/home/rakesh/.m2/repository/org/aspectj/aspectjweaver/1.8.14/aspectjweaver-1.8.14.jar:/home/rakesh/.m2/repository/org/springframework/boot/spring-boot-starter-actuator/1.5.22.RELEASE/spring-boot-starter-actuator-1.5.22.RELEASE.jar:/home/rakesh/.m2/repository/org/springframework/boot/spring-boot-actuator/1.5.22.RELEASE/spring-boot-actuator-1.5.22.RELEASE.jar:/home/rakesh/.m2/repository/org/projectlombok/lombok/1.16.22/lombok-1.16.22.jar:/home/rakesh/.m2/repository/io/springfox/springfox-swagger2/2.4.0/springfox-swagger2-2.4.0.jar:/home/rakesh/.m2/repository/io/swagger/swagger-annotations/1.5.6/swagger-annotations-1.5.6.jar:/home/rakesh/.m2/repository/io/swagger/swagger-models/1.5.6/swagger-models-1.5.6.jar:/home/rakesh/.m2/repository/io/springfox/springfox-spi/2.4.0/springfox-spi-2.4.0.jar:/home/rakesh/.m2/repository/io/springfox/springfox-core/2.4.0/springfox-core-2.4.0.jar:/home/rakesh/.m2/repository/io/springfox/springfox-schema/2.4.0/springfox-schema-2.4.0.jar:/home/rakesh/.m2/repository/io/springfox/springfox-swagger-common/2.4.0/springfox-swagger-common-2.4.0.jar:/home/rakesh/.m2/repository/io/springfox/springfox-spring-web/2.4.0/springfox-spring-web-2.4.0.jar:/home/rakesh/.m2/repository/com/google/guava/guava/18.0/guava-18.0.jar:/home/rakesh/.m2/repository/com/fasterxml/classmate/1.3.4/classmate-1.3.4.jar:/home/rakesh/.m2/repository/org/slf4j/slf4j-api/1.7.26/slf4j-api-1.7.26.jar:/home/rakesh/.m2/repository/org/springframework/plugin/spring-plugin-core/1.2.0.RELEASE/spring-plugin-core-1.2.0.RELEASE.jar:/home/rakesh/.m2/repository/org/springframework/plugin/spring-plugin-metadata/1.2.0.RELEASE/spring-plugin-metadata-1.2.0.RELEASE.jar:/home/rakesh/.m2/repository/io/springfox/springfox-swagger-ui/2.4.0/springfox-swagger-ui-2.4.0.jar:/home/rakesh/.m2/repository/org/springframework/boot/spring-boot-starter-test/1.5.22.RELEASE/spring-boot-starter-test-1.5.22.RELEASE.jar:/home/rakesh/.m2/repository/org/springframework/boot/spring-boot-test/1.5.22.RELEASE/spring-boot-test-1.5.22.RELEASE.jar:/home/rakesh/.m2/repository/org/springframework/boot/spring-boot-test-autoconfigure/1.5.22.RELEASE/spring-boot-test-autoconfigure-1.5.22.RELEASE.jar:/home/rakesh/.m2/repository/com/jayway/jsonpath/json-path/2.2.0/json-path-2.2.0.jar:/home/rakesh/.m2/repository/net/minidev/json-smart/2.2.1/json-smart-2.2.1.jar:/home/rakesh/.m2/repository/net/minidev/accessors-smart/1.1/accessors-smart-1.1.jar:/home/rakesh/.m2/repository/org/ow2/asm/asm/5.0.3/asm-5.0.3.jar:/home/rakesh/.m2/repository/org/assertj/assertj-core/2.6.0/assertj-core-2.6.0.jar:/home/rakesh/.m2/repository/org/hamcrest/hamcrest-core/1.3/hamcrest-core-1.3.jar:/home/rakesh/.m2/repository/org/hamcrest/hamcrest-library/1.3/hamcrest-library-1.3.jar:/home/rakesh/.m2/repository/org/skyscreamer/jsonassert/1.4.0/jsonassert-1.4.0.jar:/home/rakesh/.m2/repository/com/vaadin/external/google/android-json/0.0.20131108.vaadin1/android-json-0.0.20131108.vaadin1.jar:/home/rakesh/.m2/repository/org/springframework/spring-core/4.3.25.RELEASE/spring-core-4.3.25.RELEASE.jar:/home/rakesh/.m2/repository/org/springframework/spring-test/4.3.25.RELEASE/spring-test-4.3.25.RELEASE.jar:/home/rakesh/.m2/repository/junit/junit/4.12/junit-4.12.jar:/home/rakesh/.m2/repository/org/mockito/mockito-core/1.10.19/mockito-core-1.10.19.jar:/home/rakesh/.m2/repository/org/objenesis/objenesis/2.1/objenesis-2.1.jar:/home/rakesh/.m2/repository/com/alibaba/fastjson/1.2.31/fastjson-1.2.31.jar:, java.vm.vendor=Oracle Corporation, sun.arch.data.model=64, java.vendor.url=https://openjdk.java.net/, user.timezone=Asia/Kolkata, os.name=Linux, java.vm.specification.version=11, sun.java.launcher=SUN_STANDARD, user.country=US, sun.boot.library.path=/usr/lib64/jvm/java-11-openjdk-11/lib, sun.java.command=/home/rakesh/project/train-ticket/ts-order-service/target/surefire/surefirebooter12772652690271191239.jar /home/rakesh/project/train-ticket/ts-order-service/target/surefire/surefire9932438889843824967tmp /home/rakesh/project/train-ticket/ts-order-service/target/surefire/surefire_09401254525499891432tmp, jdk.debug=release, surefire.test.class.path=/home/rakesh/project/train-ticket/ts-order-service/target/test-classes:/home/rakesh/project/train-ticket/ts-order-service/target/classes:/home/rakesh/.m2/repository/org/springframework/boot/spring-boot-starter-data-mongodb/1.5.22.RELEASE/spring-boot-starter-data-mongodb-1.5.22.RELEASE.jar:/home/rakesh/.m2/repository/org/springframework/boot/spring-boot-starter/1.5.22.RELEASE/spring-boot-starter-1.5.22.RELEASE.jar:/home/rakesh/.m2/repository/org/springframework/boot/spring-boot/1.5.22.RELEASE/spring-boot-1.5.22.RELEASE.jar:/home/rakesh/.m2/repository/org/springframework/boot/spring-boot-autoconfigure/1.5.22.RELEASE/spring-boot-autoconfigure-1.5.22.RELEASE.jar:/home/rakesh/.m2/repository/org/springframework/boot/spring-boot-starter-logging/1.5.22.RELEASE/spring-boot-starter-logging-1.5.22.RELEASE.jar:/home/rakesh/.m2/repository/ch/qos/logback/logback-classic/1.1.11/logback-classic-1.1.11.jar:/home/rakesh/.m2/repository/ch/qos/logback/logback-core/1.1.11/logback-core-1.1.11.jar:/home/rakesh/.m2/repository/org/slf4j/jul-to-slf4j/1.7.26/jul-to-slf4j-1.7.26.jar:/home/rakesh/.m2/repository/org/slf4j/log4j-over-slf4j/1.7.26/log4j-over-slf4j-1.7.26.jar:/home/rakesh/.m2/repository/org/yaml/snakeyaml/1.17/snakeyaml-1.17.jar:/home/rakesh/.m2/repository/org/mongodb/mongodb-driver/3.4.3/mongodb-driver-3.4.3.jar:/home/rakesh/.m2/repository/org/mongodb/mongodb-driver-core/3.4.3/mongodb-driver-core-3.4.3.jar:/home/rakesh/.m2/repository/org/mongodb/bson/3.4.3/bson-3.4.3.jar:/home/rakesh/.m2/repository/org/springframework/data/spring-data-mongodb/1.10.23.RELEASE/spring-data-mongodb-1.10.23.RELEASE.jar:/home/rakesh/.m2/repository/org/springframework/spring-tx/4.3.25.RELEASE/spring-tx-4.3.25.RELEASE.jar:/home/rakesh/.m2/repository/org/springframework/spring-context/4.3.25.RELEASE/spring-context-4.3.25.RELEASE.jar:/home/rakesh/.m2/repository/org/springframework/spring-beans/4.3.25.RELEASE/spring-beans-4.3.25.RELEASE.jar:/home/rakesh/.m2/repository/org/springframework/spring-expression/4.3.25.RELEASE/spring-expression-4.3.25.RELEASE.jar:/home/rakesh/.m2/repository/org/springframework/data/spring-data-commons/1.13.23.RELEASE/spring-data-commons-1.13.23.RELEASE.jar:/home/rakesh/.m2/repository/org/slf4j/jcl-over-slf4j/1.7.26/jcl-over-slf4j-1.7.26.jar:/home/rakesh/.m2/repository/org/services/ts-common/0.1.0/ts-common-0.1.0.jar:/home/rakesh/.m2/repository/io/jsonwebtoken/jjwt/0.8.0/jjwt-0.8.0.jar:/home/rakesh/.m2/repository/org/springframework/boot/spring-boot-starter-security/1.5.22.RELEASE/spring-boot-starter-security-1.5.22.RELEASE.jar:/home/rakesh/.m2/repository/org/springframework/security/spring-security-config/4.2.13.RELEASE/spring-security-config-4.2.13.RELEASE.jar:/home/rakesh/.m2/repository/org/springframework/security/spring-security-core/4.2.13.RELEASE/spring-security-core-4.2.13.RELEASE.jar:/home/rakesh/.m2/repository/org/springframework/security/spring-security-web/4.2.13.RELEASE/spring-security-web-4.2.13.RELEASE.jar:/home/rakesh/.m2/repository/org/springframework/boot/spring-boot-starter-web/1.5.22.RELEASE/spring-boot-starter-web-1.5.22.RELEASE.jar:/home/rakesh/.m2/repository/org/springframework/boot/spring-boot-starter-tomcat/1.5.22.RELEASE/spring-boot-starter-tomcat-1.5.22.RELEASE.jar:/home/rakesh/.m2/repository/org/apache/tomcat/embed/tomcat-embed-core/8.5.43/tomcat-embed-core-8.5.43.jar:/home/rakesh/.m2/repository/org/apache/tomcat/tomcat-annotations-api/8.5.43/tomcat-annotations-api-8.5.43.jar:/home/rakesh/.m2/repository/org/apache/tomcat/embed/tomcat-embed-el/8.5.43/tomcat-embed-el-8.5.43.jar:/home/rakesh/.m2/repository/org/apache/tomcat/embed/tomcat-embed-websocket/8.5.43/tomcat-embed-websocket-8.5.43.jar:/home/rakesh/.m2/repository/org/hibernate/hibernate-validator/5.3.6.Final/hibernate-validator-5.3.6.Final.jar:/home/rakesh/.m2/repository/javax/validation/validation-api/1.1.0.Final/validation-api-1.1.0.Final.jar:/home/rakesh/.m2/repository/org/jboss/logging/jboss-logging/3.3.2.Final/jboss-logging-3.3.2.Final.jar:/home/rakesh/.m2/repository/com/fasterxml/jackson/core/jackson-databind/2.8.11.3/jackson-databind-2.8.11.3.jar:/home/rakesh/.m2/repository/com/fasterxml/jackson/core/jackson-annotations/2.8.0/jackson-annotations-2.8.0.jar:/home/rakesh/.m2/repository/com/fasterxml/jackson/core/jackson-core/2.8.11/jackson-core-2.8.11.jar:/home/rakesh/.m2/repository/org/springframework/spring-web/4.3.25.RELEASE/spring-web-4.3.25.RELEASE.jar:/home/rakesh/.m2/repository/org/springframework/spring-webmvc/4.3.25.RELEASE/spring-webmvc-4.3.25.RELEASE.jar:/home/rakesh/.m2/repository/org/springframework/boot/spring-boot-starter-integration/1.5.22.RELEASE/spring-boot-starter-integration-1.5.22.RELEASE.jar:/home/rakesh/.m2/repository/org/springframework/integration/spring-integration-core/4.3.21.RELEASE/spring-integration-core-4.3.21.RELEASE.jar:/home/rakesh/.m2/repository/org/springframework/spring-messaging/4.3.25.RELEASE/spring-messaging-4.3.25.RELEASE.jar:/home/rakesh/.m2/repository/org/springframework/retry/spring-retry/1.2.4.RELEASE/spring-retry-1.2.4.RELEASE.jar:/home/rakesh/.m2/repository/org/springframework/integration/spring-integration-java-dsl/1.2.3.RELEASE/spring-integration-java-dsl-1.2.3.RELEASE.jar:/home/rakesh/.m2/repository/org/reactivestreams/reactive-streams/1.0.0/reactive-streams-1.0.0.jar:/home/rakesh/.m2/repository/org/springframework/boot/spring-boot-starter-aop/1.5.22.RELEASE/spring-boot-starter-aop-1.5.22.RELEASE.jar:/home/rakesh/.m2/repository/org/springframework/spring-aop/4.3.25.RELEASE/spring-aop-4.3.25.RELEASE.jar:/home/rakesh/.m2/repository/org/aspectj/aspectjweaver/1.8.14/aspectjweaver-1.8.14.jar:/home/rakesh/.m2/repository/org/springframework/boot/spring-boot-starter-actuator/1.5.22.RELEASE/spring-boot-starter-actuator-1.5.22.RELEASE.jar:/home/rakesh/.m2/repository/org/springframework/boot/spring-boot-actuator/1.5.22.RELEASE/spring-boot-actuator-1.5.22.RELEASE.jar:/home/rakesh/.m2/repository/org/projectlombok/lombok/1.16.22/lombok-1.16.22.jar:/home/rakesh/.m2/repository/io/springfox/springfox-swagger2/2.4.0/springfox-swagger2-2.4.0.jar:/home/rakesh/.m2/repository/io/swagger/swagger-annotations/1.5.6/swagger-annotations-1.5.6.jar:/home/rakesh/.m2/repository/io/swagger/swagger-models/1.5.6/swagger-models-1.5.6.jar:/home/rakesh/.m2/repository/io/springfox/springfox-spi/2.4.0/springfox-spi-2.4.0.jar:/home/rakesh/.m2/repository/io/springfox/springfox-core/2.4.0/springfox-core-2.4.0.jar:/home/rakesh/.m2/repository/io/springfox/springfox-schema/2.4.0/springfox-schema-2.4.0.jar:/home/rakesh/.m2/repository/io/springfox/springfox-swagger-common/2.4.0/springfox-swagger-common-2.4.0.jar:/home/rakesh/.m2/repository/io/springfox/springfox-spring-web/2.4.0/springfox-spring-web-2.4.0.jar:/home/rakesh/.m2/repository/com/google/guava/guava/18.0/guava-18.0.jar:/home/rakesh/.m2/repository/com/fasterxml/classmate/1.3.4/classmate-1.3.4.jar:/home/rakesh/.m2/repository/org/slf4j/slf4j-api/1.7.26/slf4j-api-1.7.26.jar:/home/rakesh/.m2/repository/org/springframework/plugin/spring-plugin-core/1.2.0.RELEASE/spring-plugin-core-1.2.0.RELEASE.jar:/home/rakesh/.m2/repository/org/springframework/plugin/spring-plugin-metadata/1.2.0.RELEASE/spring-plugin-metadata-1.2.0.RELEASE.jar:/home/rakesh/.m2/repository/io/springfox/springfox-swagger-ui/2.4.0/springfox-swagger-ui-2.4.0.jar:/home/rakesh/.m2/repository/org/springframework/boot/spring-boot-starter-test/1.5.22.RELEASE/spring-boot-starter-test-1.5.22.RELEASE.jar:/home/rakesh/.m2/repository/org/springframework/boot/spring-boot-test/1.5.22.RELEASE/spring-boot-test-1.5.22.RELEASE.jar:/home/rakesh/.m2/repository/org/springframework/boot/spring-boot-test-autoconfigure/1.5.22.RELEASE/spring-boot-test-autoconfigure-1.5.22.RELEASE.jar:/home/rakesh/.m2/repository/com/jayway/jsonpath/json-path/2.2.0/json-path-2.2.0.jar:/home/rakesh/.m2/repository/net/minidev/json-smart/2.2.1/json-smart-2.2.1.jar:/home/rakesh/.m2/repository/net/minidev/accessors-smart/1.1/accessors-smart-1.1.jar:/home/rakesh/.m2/repository/org/ow2/asm/asm/5.0.3/asm-5.0.3.jar:/home/rakesh/.m2/repository/org/assertj/assertj-core/2.6.0/assertj-core-2.6.0.jar:/home/rakesh/.m2/repository/org/hamcrest/hamcrest-core/1.3/hamcrest-core-1.3.jar:/home/rakesh/.m2/repository/org/hamcrest/hamcrest-library/1.3/hamcrest-library-1.3.jar:/home/rakesh/.m2/repository/org/skyscreamer/jsonassert/1.4.0/jsonassert-1.4.0.jar:/home/rakesh/.m2/repository/com/vaadin/external/google/android-json/0.0.20131108.vaadin1/android-json-0.0.20131108.vaadin1.jar:/home/rakesh/.m2/repository/org/springframework/spring-core/4.3.25.RELEASE/spring-core-4.3.25.RELEASE.jar:/home/rakesh/.m2/repository/org/springframework/spring-test/4.3.25.RELEASE/spring-test-4.3.25.RELEASE.jar:/home/rakesh/.m2/repository/junit/junit/4.12/junit-4.12.jar:/home/rakesh/.m2/repository/org/mockito/mockito-core/1.10.19/mockito-core-1.10.19.jar:/home/rakesh/.m2/repository/org/objenesis/objenesis/2.1/objenesis-2.1.jar:/home/rakesh/.m2/repository/com/alibaba/fastjson/1.2.31/fastjson-1.2.31.jar:, sun.cpu.endian=little, user.home=/home/rakesh, user.language=en, java.specification.vendor=Oracle Corporation, java.version.date=2021-01-19, java.home=/usr/lib64/jvm/java-11-openjdk-11, file.separator=/, basedir=/home/rakesh/project/train-ticket/ts-order-service, java.vm.compressedOopsMode=Zero based, line.separator=
, java.specification.name=Java Platform API Specification, java.vm.specification.vendor=Oracle Corporation, java.awt.graphicsenv=sun.awt.X11GraphicsEnvironment, surefire.real.class.path=/home/rakesh/project/train-ticket/ts-order-service/target/surefire/surefirebooter12772652690271191239.jar, sun.management.compiler=HotSpot 64-Bit Tiered Compilers, java.runtime.version=11.0.10+9-suse-lp152.2.9.1-x8664, user.name=rakesh, path.separator=:, os.version=5.3.18-lp152.66-default, java.runtime.name=OpenJDK Runtime Environment, file.encoding=UTF-8, java.vm.name=OpenJDK 64-Bit Server VM, localRepository=/home/rakesh/.m2/repository, java.vendor.url.bug=https://bugreport.java.com/bugreport/, java.io.tmpdir=/tmp, java.version=11.0.10, user.dir=/home/rakesh/project/train-ticket/ts-order-service, os.arch=amd64, java.vm.specification.name=Java Virtual Machine Specification, java.awt.printerjob=sun.print.PSPrinterJob, sun.os.patch.level=unknown, java.library.path=/usr/java/packages/lib:/usr/lib64:/lib64:/lib:/usr/lib, java.vm.info=mixed mode, java.vendor=Oracle Corporation, java.vm.version=11.0.10+9-suse-lp152.2.9.1-x8664, sun.io.unicode.encoding=UnicodeLittle, java.class.version=55.0}}, SystemEnvironmentPropertySource@136511713 {name='systemEnvironment', properties={PATH=/home/rakesh/bin:/usr/local/bin:/usr/bin:/bin, INVOCATION_ID=b2ba65cb4aca478ba12a1623b5f5fa99, XDG_DATA_DIRS=/home/rakesh/.local/share/flatpak/exports/share:/var/lib/flatpak/exports/share:/usr/local/share:/usr/share, CONFIG_SITE=/usr/share/site/x86_64-unknown-linux-gnu, WINDOWMANAGER=/usr/bin/gnome, CPU=x86_64, HOST=opensuse, DBUS_SESSION_BUS_ADDRESS=unix:path=/run/user/1005/bus, JRE_HOME=/usr/lib64/jvm/java-11-openjdk-11, XDG_CURRENT_DESKTOP=GNOME, MACHTYPE=x86_64-suse-linux, JOURNAL_STREAM=9:56468, XRDP_SOCKET_PATH=/tmp/.xrdp, G_FILENAME_ENCODING=@locale,UTF-8,ISO-8859-15,CP1252, MAIL=/var/spool/mail/rakesh, MINICOM=-c on, XRDP_PULSE_SOURCE_SOCKET=xrdp_chansrv_audio_in_socket_228, QT_SYSTEM_DIR=/usr/share/desktop-data, COLORTERM=truecolor, CSHEDIT=emacs, SESSION_MANAGER=local/opensuse:@/tmp/.ICE-unix/5403,unix/opensuse:/tmp/.ICE-unix/5403, LS_OPTIONS=-N --color=tty -T 0, OSTYPE=linux, LOGNAME=rakesh, ALSA_CONFIG_PATH=/etc/alsa-pulse.conf, PWD=/home/rakesh/project/train-ticket/ts-order-service, MANAGERPID=5279, goals=clean compile test install package deploy site verify eclipse:eclipse idea:idea assembly:assembly plexus:app plexus:bundle-application plexus:bundle-runtime plexus:descriptor plexus:runtime plexus:service dependency:analyze dependency:analyze-dep-mgt dependency:analyze-only dependency:analyze-report dependency:analyze-duplicate dependency:build-classpath dependency:copy dependency:copy-dependencies dependency:get dependency:go-offline dependency:list dependency:properties dependency:purge-local-repository dependency:resolve dependency:resolve-plugins dependency:sources dependency:tree dependency:unpack dependency:unpack-dependencies, XCURSOR_THEME=DMZ, GJS_DEBUG_TOPICS=JS ERROR;JS LOG, LESSOPEN=lessopen.sh %s, SHELL=/bin/bash, PAGER=less, HOSTTYPE=x86_64, OLDPWD=/home/rakesh/project/train-ticket/ts-order-service, UID=1005, GNOME_TERMINAL_SCREEN=/org/gnome/Terminal/screen/c724d187_ac1c_4c47_9039_be7c272ad7f4, LESS=-M -I -R, LS_COLORS=no=00:fi=00:di=01;34:ln=00;36:pi=40;33:so=01;35:do=01;35:bd=40;33;01:cd=40;33;01:or=41;33;01:ex=00;32:*.cmd=00;32:*.exe=01;32:*.com=01;32:*.bat=01;32:*.btm=01;32:*.dll=01;32:*.tar=00;31:*.tbz=00;31:*.tgz=00;31:*.rpm=00;31:*.deb=00;31:*.arj=00;31:*.taz=00;31:*.lzh=00;31:*.lzma=00;31:*.zip=00;31:*.zoo=00;31:*.z=00;31:*.Z=00;31:*.gz=00;31:*.bz2=00;31:*.tb2=00;31:*.tz2=00;31:*.tbz2=00;31:*.xz=00;31:*.avi=01;35:*.bmp=01;35:*.dl=01;35:*.fli=01;35:*.gif=01;35:*.gl=01;35:*.jpg=01;35:*.jpeg=01;35:*.mkv=01;35:*.mng=01;35:*.mov=01;35:*.mp4=01;35:*.mpg=01;35:*.pcx=01;35:*.pbm=01;35:*.pgm=01;35:*.png=01;35:*.ppm=01;35:*.svg=01;35:*.tga=01;35:*.tif=01;35:*.webm=01;35:*.webp=01;35:*.wmv=01;35:*.xbm=01;35:*.xcf=01;35:*.xpm=01;35:*.aiff=00;32:*.ape=00;32:*.au=00;32:*.flac=00;32:*.m4a=00;32:*.mid=00;32:*.mp3=00;32:*.mpc=00;32:*.ogg=00;32:*.voc=00;32:*.wav=00;32:*.wma=00;32:*.wv=00;32:, SHLVL=3, LESSCLOSE=lessclose.sh %s %s, QEMU_AUDIO_DRV=pa, MANPATH=/usr/local/man:/usr/local/share/man:/usr/share/man, HISTSIZE=1000, JAVA_BINDIR=/usr/lib64/jvm/jre-11-openjdk/bin, JAVA_ROOT=/usr/lib64/jvm/jre-11-openjdk, SDL_AUDIODRIVER=pulse, JAVA_HOME=/usr/lib64/jvm/jre-11-openjdk, TERM=xterm-256color, XDG_CONFIG_DIRS=/etc/xdg, GNOME_TERMINAL_SERVICE=:1.86, AUDIODRIVER=pulseaudio, LANG=en_US.UTF-8, XDG_SESSION_TYPE=x11, G_BROKEN_FILENAMES=1, DISPLAY=:228.0, PYTHONSTARTUP=/etc/pythonstart, LESSKEY=/etc/lesskey.bin, XNLSPATH=/usr/share/X11/nls, PULSE_SCRIPT=/etc/xrdp/pulse/default.pa, FROM_HEADER=, MAVEN_CMD_LINE_ARGS= clean install, _=/usr/lib64/jvm/java-11-openjdk-11/bin/java, XRDP_SESSION=1, PROFILEREAD=true, MAVEN_PROJECTBASEDIR=/home/rakesh/project/train-ticket/ts-order-service, JAVACMD=/usr/lib64/jvm/jre-11-openjdk/bin/java, GPG_TTY=/dev/pts/2, USER=rakesh, XDG_MENU_PREFIX=gnome-, VTE_VERSION=5803, GJS_DEBUG_OUTPUT=stderr, MORE=-sl, SSH_AUTH_SOCK=/run/user/1005/keyring/ssh, HOSTNAME=opensuse, XRDP_PULSE_SINK_SOCKET=xrdp_chansrv_audio_out_socket_228, XKEYSYMDB=/usr/X11R6/lib/X11/XKeysymDB, LESS_ADVANCED_PREPROCESSOR=no, XDG_RUNTIME_DIR=/run/user/1005, HOME=/home/rakesh}}]
13:50:28.290 [main] DEBUG org.springframework.test.web.servlet.setup.StandaloneMockMvcBuilder$StaticRequestMappingHandlerMapping - Looking for request mappings in application context: org.springframework.test.web.servlet.setup.StubWebApplicationContext@454db313
13:50:28.292 [main] DEBUG org.springframework.test.web.servlet.setup.StandaloneMockMvcBuilder$StaticRequestMappingHandlerMapping - 16 request handler methods found on class order.controller.OrderController: {public java.lang.String order.controller.OrderController.home()={[/api/v1/orderservice/welcome],methods=[GET]}, public org.springframework.http.HttpEntity order.controller.OrderController.queryOrders(order.entity.OrderInfo,org.springframework.http.HttpHeaders)={[/api/v1/orderservice/order/query],methods=[POST]}, public org.springframework.http.HttpEntity order.controller.OrderController.queryOrdersForRefresh(order.entity.OrderInfo,org.springframework.http.HttpHeaders)={[/api/v1/orderservice/order/refresh],methods=[POST]}, public org.springframework.http.HttpEntity order.controller.OrderController.modifyOrder(java.lang.String,int,org.springframework.http.HttpHeaders)={[/api/v1/orderservice/order/status/{orderId}/{status}],methods=[GET]}, public org.springframework.http.HttpEntity order.controller.OrderController.getOrderPrice(java.lang.String,org.springframework.http.HttpHeaders)={[/api/v1/orderservice/order/price/{orderId}],methods=[GET]}, public org.springframework.http.HttpEntity order.controller.OrderController.payOrder(java.lang.String,org.springframework.http.HttpHeaders)={[/api/v1/orderservice/order/orderPay/{orderId}],methods=[GET]}, public org.springframework.http.HttpEntity order.controller.OrderController.getOrderById(java.lang.String,org.springframework.http.HttpHeaders)={[/api/v1/orderservice/order/{orderId}],methods=[GET]}, public org.springframework.http.HttpEntity order.controller.OrderController.deleteOrder(java.lang.String,org.springframework.http.HttpHeaders)={[/api/v1/orderservice/order/{orderId}],methods=[DELETE]}, public org.springframework.http.HttpEntity order.controller.OrderController.updateOrder(order.entity.Order,org.springframework.http.HttpHeaders)={[/api/v1/orderservice/order/admin],methods=[PUT]}, public org.springframework.http.HttpEntity order.controller.OrderController.findAllOrder(org.springframework.http.HttpHeaders)={[/api/v1/orderservice/order],methods=[GET]}, public org.springframework.http.HttpEntity order.controller.OrderController.addcreateNewOrder(order.entity.Order,org.springframework.http.HttpHeaders)={[/api/v1/orderservice/order/admin],methods=[POST]}, public org.springframework.http.HttpEntity order.controller.OrderController.getTicketListByDateAndTripId(order.entity.Seat,org.springframework.http.HttpHeaders)={[/api/v1/orderservice/order/tickets],methods=[POST]}, public org.springframework.http.HttpEntity order.controller.OrderController.calculateSoldTicket(java.util.Date,java.lang.String,org.springframework.http.HttpHeaders)={[/api/v1/orderservice/order/{travelDate}/{trainNumber}],methods=[GET]}, public org.springframework.http.HttpEntity order.controller.OrderController.createNewOrder(order.entity.Order,org.springframework.http.HttpHeaders)={[/api/v1/orderservice/order],methods=[POST]}, public org.springframework.http.HttpEntity order.controller.OrderController.securityInfoCheck(java.util.Date,java.lang.String,org.springframework.http.HttpHeaders)={[/api/v1/orderservice/order/security/{checkDate}/{accountId}],methods=[GET]}, public org.springframework.http.HttpEntity order.controller.OrderController.saveOrderInfo(order.entity.Order,org.springframework.http.HttpHeaders)={[/api/v1/orderservice/order],methods=[PUT]}}
13:50:28.292 [main] INFO org.springframework.test.web.servlet.setup.StandaloneMockMvcBuilder$StaticRequestMappingHandlerMapping - Mapped "{[/api/v1/orderservice/welcome],methods=[GET]}" onto public java.lang.String order.controller.OrderController.home()
13:50:28.292 [main] INFO org.springframework.test.web.servlet.setup.StandaloneMockMvcBuilder$StaticRequestMappingHandlerMapping - Mapped "{[/api/v1/orderservice/order/query],methods=[POST]}" onto public org.springframework.http.HttpEntity order.controller.OrderController.queryOrders(order.entity.OrderInfo,org.springframework.http.HttpHeaders)
13:50:28.292 [main] INFO org.springframework.test.web.servlet.setup.StandaloneMockMvcBuilder$StaticRequestMappingHandlerMapping - Mapped "{[/api/v1/orderservice/order/refresh],methods=[POST]}" onto public org.springframework.http.HttpEntity order.controller.OrderController.queryOrdersForRefresh(order.entity.OrderInfo,org.springframework.http.HttpHeaders)
13:50:28.292 [main] INFO org.springframework.test.web.servlet.setup.StandaloneMockMvcBuilder$StaticRequestMappingHandlerMapping - Mapped "{[/api/v1/orderservice/order/status/{orderId}/{status}],methods=[GET]}" onto public org.springframework.http.HttpEntity order.controller.OrderController.modifyOrder(java.lang.String,int,org.springframework.http.HttpHeaders)
13:50:28.293 [main] INFO org.springframework.test.web.servlet.setup.StandaloneMockMvcBuilder$StaticRequestMappingHandlerMapping - Mapped "{[/api/v1/orderservice/order/price/{orderId}],methods=[GET]}" onto public org.springframework.http.HttpEntity order.controller.OrderController.getOrderPrice(java.lang.String,org.springframework.http.HttpHeaders)
13:50:28.293 [main] INFO org.springframework.test.web.servlet.setup.StandaloneMockMvcBuilder$StaticRequestMappingHandlerMapping - Mapped "{[/api/v1/orderservice/order/orderPay/{orderId}],methods=[GET]}" onto public org.springframework.http.HttpEntity order.controller.OrderController.payOrder(java.lang.String,org.springframework.http.HttpHeaders)
13:50:28.293 [main] INFO org.springframework.test.web.servlet.setup.StandaloneMockMvcBuilder$StaticRequestMappingHandlerMapping - Mapped "{[/api/v1/orderservice/order/{orderId}],methods=[GET]}" onto public org.springframework.http.HttpEntity order.controller.OrderController.getOrderById(java.lang.String,org.springframework.http.HttpHeaders)
13:50:28.293 [main] INFO org.springframework.test.web.servlet.setup.StandaloneMockMvcBuilder$StaticRequestMappingHandlerMapping - Mapped "{[/api/v1/orderservice/order/{orderId}],methods=[DELETE]}" onto public org.springframework.http.HttpEntity order.controller.OrderController.deleteOrder(java.lang.String,org.springframework.http.HttpHeaders)
13:50:28.293 [main] INFO org.springframework.test.web.servlet.setup.StandaloneMockMvcBuilder$StaticRequestMappingHandlerMapping - Mapped "{[/api/v1/orderservice/order/admin],methods=[PUT]}" onto public org.springframework.http.HttpEntity order.controller.OrderController.updateOrder(order.entity.Order,org.springframework.http.HttpHeaders)
13:50:28.293 [main] INFO org.springframework.test.web.servlet.setup.StandaloneMockMvcBuilder$StaticRequestMappingHandlerMapping - Mapped "{[/api/v1/orderservice/order],methods=[GET]}" onto public org.springframework.http.HttpEntity order.controller.OrderController.findAllOrder(org.springframework.http.HttpHeaders)
13:50:28.293 [main] INFO org.springframework.test.web.servlet.setup.StandaloneMockMvcBuilder$StaticRequestMappingHandlerMapping - Mapped "{[/api/v1/orderservice/order/admin],methods=[POST]}" onto public org.springframework.http.HttpEntity order.controller.OrderController.addcreateNewOrder(order.entity.Order,org.springframework.http.HttpHeaders)
13:50:28.294 [main] INFO org.springframework.test.web.servlet.setup.StandaloneMockMvcBuilder$StaticRequestMappingHandlerMapping - Mapped "{[/api/v1/orderservice/order/tickets],methods=[POST]}" onto public org.springframework.http.HttpEntity order.controller.OrderController.getTicketListByDateAndTripId(order.entity.Seat,org.springframework.http.HttpHeaders)
13:50:28.294 [main] INFO org.springframework.test.web.servlet.setup.StandaloneMockMvcBuilder$StaticRequestMappingHandlerMapping - Mapped "{[/api/v1/orderservice/order/{travelDate}/{trainNumber}],methods=[GET]}" onto public org.springframework.http.HttpEntity order.controller.OrderController.calculateSoldTicket(java.util.Date,java.lang.String,org.springframework.http.HttpHeaders)
13:50:28.294 [main] INFO org.springframework.test.web.servlet.setup.StandaloneMockMvcBuilder$StaticRequestMappingHandlerMapping - Mapped "{[/api/v1/orderservice/order],methods=[POST]}" onto public org.springframework.http.HttpEntity order.controller.OrderController.createNewOrder(order.entity.Order,org.springframework.http.HttpHeaders)
13:50:28.294 [main] INFO org.springframework.test.web.servlet.setup.StandaloneMockMvcBuilder$StaticRequestMappingHandlerMapping - Mapped "{[/api/v1/orderservice/order/security/{checkDate}/{accountId}],methods=[GET]}" onto public org.springframework.http.HttpEntity order.controller.OrderController.securityInfoCheck(java.util.Date,java.lang.String,org.springframework.http.HttpHeaders)
13:50:28.294 [main] INFO org.springframework.test.web.servlet.setup.StandaloneMockMvcBuilder$StaticRequestMappingHandlerMapping - Mapped "{[/api/v1/orderservice/order],methods=[PUT]}" onto public org.springframework.http.HttpEntity order.controller.OrderController.saveOrderInfo(order.entity.Order,org.springframework.http.HttpHeaders)
13:50:28.297 [main] DEBUG org.hibernate.validator.internal.engine.resolver.DefaultTraversableResolver - Cannot find javax.persistence.Persistence on classpath. Assuming non JPA 2 environment. All properties will per default be traversable.
13:50:28.297 [main] DEBUG org.hibernate.validator.internal.engine.ConfigurationImpl - Setting custom MessageInterpolator of type org.springframework.validation.beanvalidation.LocaleContextMessageInterpolator
13:50:28.297 [main] DEBUG org.hibernate.validator.internal.engine.ConfigurationImpl - Setting custom ParameterNameProvider of type com.sun.proxy.$Proxy33
13:50:28.297 [main] DEBUG org.hibernate.validator.internal.xml.ValidationXmlParser - Trying to load META-INF/validation.xml for XML based Validator configuration.
13:50:28.297 [main] DEBUG org.hibernate.validator.internal.xml.ResourceLoaderHelper - Trying to load META-INF/validation.xml via TCCL
13:50:28.298 [main] DEBUG org.hibernate.validator.internal.xml.ResourceLoaderHelper - Trying to load META-INF/validation.xml via Hibernate Validator's class loader
13:50:28.298 [main] DEBUG org.hibernate.validator.internal.xml.ValidationXmlParser - No META-INF/validation.xml found. Using annotation based configuration only.
13:50:28.298 [main] INFO org.springframework.web.servlet.mvc.method.annotation.RequestMappingHandlerAdapter - Looking for @ControllerAdvice: org.springframework.test.web.servlet.setup.StubWebApplicationContext@454db313
13:50:28.299 [main] DEBUG org.springframework.web.servlet.mvc.method.annotation.ExceptionHandlerExceptionResolver - Looking for exception mappings: org.springframework.test.web.servlet.setup.StubWebApplicationContext@454db313
13:50:28.300 [main] DEBUG org.springframework.test.web.servlet.TestDispatcherServlet - Initializing servlet ''
13:50:28.300 [main] INFO org.springframework.mock.web.MockServletContext - Initializing Spring FrameworkServlet ''
13:50:28.300 [main] INFO org.springframework.test.web.servlet.TestDispatcherServlet - FrameworkServlet '': initialization started
13:50:28.301 [main] DEBUG org.springframework.test.web.servlet.TestDispatcherServlet - Unable to locate MultipartResolver with name 'multipartResolver': no multipart request handling provided
13:50:28.301 [main] DEBUG org.springframework.test.web.servlet.TestDispatcherServlet - Using LocaleResolver [org.springframework.web.servlet.i18n.AcceptHeaderLocaleResolver@47d0ee5b]
13:50:28.301 [main] DEBUG org.springframework.test.web.servlet.TestDispatcherServlet - Using ThemeResolver [org.springframework.web.servlet.theme.FixedThemeResolver@5262253e]
13:50:28.301 [main] DEBUG org.springframework.test.web.servlet.TestDispatcherServlet - Using RequestToViewNameTranslator [org.springframework.web.servlet.view.DefaultRequestToViewNameTranslator@7622892a]
13:50:28.301 [main] DEBUG org.springframework.test.web.servlet.TestDispatcherServlet - Using FlashMapManager [org.springframework.web.servlet.support.SessionFlashMapManager@f0f78a4]
13:50:28.301 [main] DEBUG org.springframework.test.web.servlet.TestDispatcherServlet - Published WebApplicationContext of servlet '' as ServletContext attribute with name [org.springframework.web.servlet.FrameworkServlet.CONTEXT.]
13:50:28.301 [main] INFO org.springframework.test.web.servlet.TestDispatcherServlet - FrameworkServlet '': initialization completed in 0 ms
13:50:28.301 [main] DEBUG org.springframework.test.web.servlet.TestDispatcherServlet - Servlet '' configured successfully
13:50:28.302 [main] DEBUG org.springframework.test.web.servlet.TestDispatcherServlet - DispatcherServlet with name '' processing GET request for [/api/v1/orderservice/order/Mon%20May%2010%2013:50:28%20IST%202021/train_number]
13:50:28.302 [main] DEBUG org.springframework.test.web.servlet.setup.StandaloneMockMvcBuilder$StaticRequestMappingHandlerMapping - Looking up handler method for path /api/v1/orderservice/order/Mon May 10 13:50:28 IST 2021/train_number
13:50:28.303 [main] DEBUG org.springframework.test.web.servlet.setup.StandaloneMockMvcBuilder$StaticRequestMappingHandlerMapping - Returning handler method [public org.springframework.http.HttpEntity order.controller.OrderController.calculateSoldTicket(java.util.Date,java.lang.String,org.springframework.http.HttpHeaders)]
13:50:28.303 [main] DEBUG org.springframework.test.web.servlet.TestDispatcherServlet - Last-Modified value for [/api/v1/orderservice/order/Mon%20May%2010%2013:50:28%20IST%202021/train_number] is: -1
13:50:28.305 [main] DEBUG org.springframework.web.servlet.mvc.method.annotation.ServletInvocableHandlerMethod - Failed to resolve argument 0 of type 'java.util.Date'
org.springframework.web.method.annotation.MethodArgumentTypeMismatchException: Failed to convert value of type 'java.lang.String' to required type 'java.util.Date'; nested exception is org.springframework.core.convert.ConversionFailedException: Failed to convert from type [java.lang.String] to type [@org.springframework.web.bind.annotation.PathVariable java.util.Date] for value 'Mon May 10 13:50:28 IST 2021'; nested exception is java.lang.IllegalArgumentException
	at org.springframework.web.method.annotation.AbstractNamedValueMethodArgumentResolver.resolveArgument(AbstractNamedValueMethodArgumentResolver.java:128)
	at org.springframework.web.method.support.HandlerMethodArgumentResolverComposite.resolveArgument(HandlerMethodArgumentResolverComposite.java:122)
	at org.springframework.web.method.support.InvocableHandlerMethod.getMethodArgumentValues(InvocableHandlerMethod.java:158)
	at org.springframework.web.method.support.InvocableHandlerMethod.invokeForRequest(InvocableHandlerMethod.java:128)
	at org.springframework.web.servlet.mvc.method.annotation.ServletInvocableHandlerMethod.invokeAndHandle(ServletInvocableHandlerMethod.java:97)
	at org.springframework.web.servlet.mvc.method.annotation.RequestMappingHandlerAdapter.invokeHandlerMethod(RequestMappingHandlerAdapter.java:854)
	at org.springframework.web.servlet.mvc.method.annotation.RequestMappingHandlerAdapter.handleInternal(RequestMappingHandlerAdapter.java:765)
	at org.springframework.web.servlet.mvc.method.AbstractHandlerMethodAdapter.handle(AbstractHandlerMethodAdapter.java:85)
	at org.springframework.web.servlet.DispatcherServlet.doDispatch(DispatcherServlet.java:967)
	at org.springframework.web.servlet.DispatcherServlet.doService(DispatcherServlet.java:901)
	at org.springframework.web.servlet.FrameworkServlet.processRequest(FrameworkServlet.java:970)
	at org.springframework.web.servlet.FrameworkServlet.doGet(FrameworkServlet.java:861)
	at javax.servlet.http.HttpServlet.service(HttpServlet.java:634)
	at org.springframework.web.servlet.FrameworkServlet.service(FrameworkServlet.java:846)
	at org.springframework.test.web.servlet.TestDispatcherServlet.service(TestDispatcherServlet.java:71)
	at javax.servlet.http.HttpServlet.service(HttpServlet.java:741)
	at org.springframework.mock.web.MockFilterChain$ServletFilterProxy.doFilter(MockFilterChain.java:160)
	at org.springframework.mock.web.MockFilterChain.doFilter(MockFilterChain.java:127)
	at org.springframework.test.web.servlet.MockMvc.perform(MockMvc.java:151)
	at order.controller.OrderControllerTest.testCalculateSoldTicket(OrderControllerTest.java:109)
	at java.base/jdk.internal.reflect.NativeMethodAccessorImpl.invoke0(Native Method)
	at java.base/jdk.internal.reflect.NativeMethodAccessorImpl.invoke(NativeMethodAccessorImpl.java:62)
	at java.base/jdk.internal.reflect.DelegatingMethodAccessorImpl.invoke(DelegatingMethodAccessorImpl.java:43)
	at java.base/java.lang.reflect.Method.invoke(Method.java:566)
	at org.junit.runners.model.FrameworkMethod$1.runReflectiveCall(FrameworkMethod.java:50)
	at org.junit.internal.runners.model.ReflectiveCallable.run(ReflectiveCallable.java:12)
	at org.junit.runners.model.FrameworkMethod.invokeExplosively(FrameworkMethod.java:47)
	at org.junit.internal.runners.statements.InvokeMethod.evaluate(InvokeMethod.java:17)
	at org.junit.internal.runners.statements.RunBefores.evaluate(RunBefores.java:26)
	at org.junit.runners.ParentRunner.runLeaf(ParentRunner.java:325)
	at org.junit.runners.BlockJUnit4ClassRunner.runChild(BlockJUnit4ClassRunner.java:78)
	at org.junit.runners.BlockJUnit4ClassRunner.runChild(BlockJUnit4ClassRunner.java:57)
	at org.junit.runners.ParentRunner$3.run(ParentRunner.java:290)
	at org.junit.runners.ParentRunner$1.schedule(ParentRunner.java:71)
	at org.junit.runners.ParentRunner.runChildren(ParentRunner.java:288)
	at org.junit.runners.ParentRunner.access$000(ParentRunner.java:58)
	at org.junit.runners.ParentRunner$2.evaluate(ParentRunner.java:268)
	at org.junit.runners.ParentRunner.run(ParentRunner.java:363)
	at org.apache.maven.surefire.junit4.JUnit4Provider.execute(JUnit4Provider.java:283)
	at org.apache.maven.surefire.junit4.JUnit4Provider.executeWithRerun(JUnit4Provider.java:173)
	at org.apache.maven.surefire.junit4.JUnit4Provider.executeTestSet(JUnit4Provider.java:153)
	at org.apache.maven.surefire.junit4.JUnit4Provider.invoke(JUnit4Provider.java:128)
	at org.apache.maven.surefire.booter.ForkedBooter.invokeProviderInSameClassLoader(ForkedBooter.java:203)
	at org.apache.maven.surefire.booter.ForkedBooter.runSuitesInProcess(ForkedBooter.java:155)
	at org.apache.maven.surefire.booter.ForkedBooter.main(ForkedBooter.java:103)
Caused by: org.springframework.core.convert.ConversionFailedException: Failed to convert from type [java.lang.String] to type [@org.springframework.web.bind.annotation.PathVariable java.util.Date] for value 'Mon May 10 13:50:28 IST 2021'; nested exception is java.lang.IllegalArgumentException
	at org.springframework.core.convert.support.ObjectToObjectConverter.convert(ObjectToObjectConverter.java:110)
	at org.springframework.core.convert.support.ConversionUtils.invokeConverter(ConversionUtils.java:38)
	at org.springframework.core.convert.support.GenericConversionService.convert(GenericConversionService.java:203)
	at org.springframework.beans.TypeConverterDelegate.convertIfNecessary(TypeConverterDelegate.java:174)
	at org.springframework.beans.TypeConverterDelegate.convertIfNecessary(TypeConverterDelegate.java:109)
	at org.springframework.beans.TypeConverterSupport.doConvert(TypeConverterSupport.java:64)
	at org.springframework.beans.TypeConverterSupport.convertIfNecessary(TypeConverterSupport.java:47)
	at org.springframework.validation.DataBinder.convertIfNecessary(DataBinder.java:714)
	at org.springframework.web.method.annotation.AbstractNamedValueMethodArgumentResolver.resolveArgument(AbstractNamedValueMethodArgumentResolver.java:120)
	... 44 common frames omitted
Caused by: java.lang.IllegalArgumentException: null
	at java.base/java.util.Date.parse(Date.java:616)
	at java.base/java.util.Date.<init>(Date.java:274)
	at java.base/jdk.internal.reflect.NativeConstructorAccessorImpl.newInstance0(Native Method)
	at java.base/jdk.internal.reflect.NativeConstructorAccessorImpl.newInstance(NativeConstructorAccessorImpl.java:62)
	at java.base/jdk.internal.reflect.DelegatingConstructorAccessorImpl.newInstance(DelegatingConstructorAccessorImpl.java:45)
	at java.base/java.lang.reflect.Constructor.newInstance(Constructor.java:490)
	at org.springframework.core.convert.support.ObjectToObjectConverter.convert(ObjectToObjectConverter.java:106)
	... 52 common frames omitted
13:50:28.305 [main] WARN org.springframework.web.servlet.mvc.support.DefaultHandlerExceptionResolver - Resolved exception caused by handler execution: org.springframework.web.method.annotation.MethodArgumentTypeMismatchException: Failed to convert value of type 'java.lang.String' to required type 'java.util.Date'; nested exception is org.springframework.core.convert.ConversionFailedException: Failed to convert from type [java.lang.String] to type [@org.springframework.web.bind.annotation.PathVariable java.util.Date] for value 'Mon May 10 13:50:28 IST 2021'; nested exception is java.lang.IllegalArgumentException
13:50:28.305 [main] DEBUG org.springframework.test.web.servlet.TestDispatcherServlet - Null ModelAndView returned to DispatcherServlet with name '': assuming HandlerAdapter completed request handling
13:50:28.306 [main] DEBUG org.springframework.test.web.servlet.TestDispatcherServlet - Successfully completed request
]]></system-out>
  </testcase>
  <testcase name="testPayOrder" classname="order.controller.OrderControllerTest" time="0.041"/>
</testsuite>