<?xml version="1.0" encoding="UTF-8"?>
<testsuite name="order.service.OrderServiceImplTest" time="0.412" tests="35" errors="0" skipped="0" failures="0">
  <properties>
[...]
</properties>
  <testcase name="testQueryOrdersForRefresh" classname="order.service.OrderServiceImplTest" time="0.363"/>
  <testcase name="testQueryOrders" classname="order.service.OrderServiceImplTest" time="0.001"/>
  <testcase name="testGetOrderById1" classname="order.service.OrderServiceImplTest" time="0.003"/>
  <testcase name="testGetOrderById2" classname="order.service.OrderServiceImplTest" time="0"/>
  <testcase name="testSaveChanges1" classname="order.service.OrderServiceImplTest" time="0"/>
  <testcase name="testSaveChanges2" classname="order.service.OrderServiceImplTest" time="0.001"/>
  <testcase name="testAlterOrder1" classname="order.service.OrderServiceImplTest" time="0.005"/>
  <testcase name="testAlterOrder2" classname="order.service.OrderServiceImplTest" time="0"/>
  <testcase name="testFindOrderById1" classname="order.service.OrderServiceImplTest" time="0"/>
  <testcase name="testFindOrderById2" classname="order.service.OrderServiceImplTest" time="0"/>
  <testcase name="testCheckSecurityAboutOrder" classname="order.service.OrderServiceImplTest" time="0"/>
  <testcase name="testCancelOrder1" classname="order.service.OrderServiceImplTest" time="0"/>
  <testcase name="testCancelOrder2" classname="order.service.OrderServiceImplTest" time="0.001"/>
  <testcase name="testGetSoldTickets1" classname="order.service.OrderServiceImplTest" time="0.002"/>
  <testcase name="testGetSoldTickets2" classname="order.service.OrderServiceImplTest" time="0"/>
  <testcase name="testInitOrder1" classname="order.service.OrderServiceImplTest" time="0.022"/>
  <testcase name="testInitOrder2" classname="order.service.OrderServiceImplTest" time="0"/>
  <testcase name="testGetOrderPrice1" classname="order.service.OrderServiceImplTest" time="0"/>
  <testcase name="testGetOrderPrice2" classname="order.service.OrderServiceImplTest" time="0"/>
  <testcase name="testPayOrder1" classname="order.service.OrderServiceImplTest" time="0"/>
  <testcase name="testPayOrder2" classname="order.service.OrderServiceImplTest" time="0"/>
  <testcase name="testUpdateOrder1" classname="order.service.OrderServiceImplTest" time="0.001"/>
  <testcase name="testUpdateOrder2" classname="order.service.OrderServiceImplTest" time="0"/>
  <testcase name="testDeleteOrder1" classname="order.service.OrderServiceImplTest" time="0"/>
  <testcase name="testDeleteOrder2" classname="order.service.OrderServiceImplTest" time="0"/>
  <testcase name="testAddNewOrder1" classname="order.service.OrderServiceImplTest" time="0.001"/>
  <testcase name="testAddNewOrder2" classname="order.service.OrderServiceImplTest" time="0.001"/>
  <testcase name="testQueryAlreadySoldOrders" classname="order.service.OrderServiceImplTest" time="0.002"/>
  <testcase name="testCreate1" classname="order.service.OrderServiceImplTest" time="0.001"/>
  <testcase name="testCreate2" classname="order.service.OrderServiceImplTest" time="0.003"/>
  <testcase name="testModifyOrder1" classname="order.service.OrderServiceImplTest" time="0"/>
  <testcase name="testModifyOrder2" classname="order.service.OrderServiceImplTest" time="0"/>
  <testcase name="testQueryForStationId" classname="order.service.OrderServiceImplTest" time="0.004"/>
  <testcase name="testGetAllOrders1" classname="order.service.OrderServiceImplTest" time="0.001"/>
  <testcase name="testGetAllOrders2" classname="order.service.OrderServiceImplTest" time="0"/>
</testsuite>