<?xml version="1.0" encoding="UTF-8"?>
<testsuite name="travel2.controller.Travel2ControllerTest" time="1.234" tests="13" errors="0" skipped="0" failures="0">
  <properties>
[...]
</properties>
  <testcase name="testGetRouteByTripId" classname="travel2.controller.Travel2ControllerTest" time="0.896"/>
  <testcase name="testHome" classname="travel2.controller.Travel2ControllerTest" time="0.023"/>
  <testcase name="testUpdateTrip" classname="travel2.controller.Travel2ControllerTest" time="0.082"/>
  <testcase name="testGetTrainTypeByTripId" classname="travel2.controller.Travel2ControllerTest" time="0.024"/>
  <testcase name="testQueryInfo1" classname="travel2.controller.Travel2ControllerTest" time="0.032"/>
  <testcase name="testQueryInfo2" classname="travel2.controller.Travel2ControllerTest" time="0.017"/>
  <testcase name="testAdminQueryAll" classname="travel2.controller.Travel2ControllerTest" time="0.018"/>
  <testcase name="testQueryAll" classname="travel2.controller.Travel2ControllerTest" time="0.03"/>
  <testcase name="testGetTripsByRouteId" classname="travel2.controller.Travel2ControllerTest" time="0.006"/>
  <testcase name="testRetrieve" classname="travel2.controller.Travel2ControllerTest" time="0.019"/>
  <testcase name="testCreateTrip" classname="travel2.controller.Travel2ControllerTest" time="0.045"/>
  <testcase name="testDeleteTrip" classname="travel2.controller.Travel2ControllerTest" time="0.022"/>
  <testcase name="testGetTripAllDetailInfo" classname="travel2.controller.Travel2ControllerTest" time="0.02"/>
</testsuite>