-------------------------------------------------------------------------------
Test set: other.controller.OrderOtherControllerTest
-------------------------------------------------------------------------------
Tests run: 16, Failures: 2, Errors: 0, Skipped: 0, Time elapsed: 1.918 sec <<< FAILURE! - in other.controller.OrderOtherControllerTest
testSecurityInfoCheck(other.controller.OrderOtherControllerTest)  Time elapsed: 0.047 sec  <<< FAILURE!
java.lang.AssertionError: Status expected:<200> but was:<400>
	at org.springframework.test.util.AssertionErrors.fail(AssertionErrors.java:54)
	at org.springframework.test.util.AssertionErrors.assertEquals(AssertionErrors.java:81)
	at org.springframework.test.web.servlet.result.StatusResultMatchers$10.match(StatusResultMatchers.java:665)
	at org.springframework.test.web.servlet.MockMvc$1.andExpect(MockMvc.java:164)
	at other.controller.OrderOtherControllerTest.testSecurityInfoCheck(OrderOtherControllerTest.java:156)

testCalculateSoldTicket(other.controller.OrderOtherControllerTest)  Time elapsed: 0.01 sec  <<< FAILURE!
java.lang.AssertionError: Status expected:<200> but was:<400>
	at org.springframework.test.util.AssertionErrors.fail(AssertionErrors.java:54)
	at org.springframework.test.util.AssertionErrors.assertEquals(AssertionErrors.java:81)
	at org.springframework.test.web.servlet.result.StatusResultMatchers$10.match(StatusResultMatchers.java:665)
	at org.springframework.test.web.servlet.MockMvc$1.andExpect(MockMvc.java:164)
	at other.controller.OrderOtherControllerTest.testCalculateSoldTicket(OrderOtherControllerTest.java:110)

