<?xml version="1.0" encoding="UTF-8"?>
<testsuite name="contacts.service.ContactsServiceImplTest" time="0.313" tests="13" errors="0" skipped="0" failures="0">
  <properties>
[...]
</properties>
  <testcase name="testFindContactsById1" classname="contacts.service.ContactsServiceImplTest" time="0.299"/>
  <testcase name="testFindContactsById2" classname="contacts.service.ContactsServiceImplTest" time="0.002"/>
  <testcase name="testCreateContacts1" classname="contacts.service.ContactsServiceImplTest" time="0.001"/>
  <testcase name="testCreateContacts2" classname="contacts.service.ContactsServiceImplTest" time="0.001"/>
  <testcase name="testCreate1" classname="contacts.service.ContactsServiceImplTest" time="0.008"/>
  <testcase name="testCreate2" classname="contacts.service.ContactsServiceImplTest" time="0"/>
  <testcase name="testModify1" classname="contacts.service.ContactsServiceImplTest" time="0"/>
  <testcase name="testModify2" classname="contacts.service.ContactsServiceImplTest" time="0"/>
  <testcase name="testDelete1" classname="contacts.service.ContactsServiceImplTest" time="0"/>
  <testcase name="testDelete2" classname="contacts.service.ContactsServiceImplTest" time="0"/>
  <testcase name="testFindContactsByAccountId" classname="contacts.service.ContactsServiceImplTest" time="0.002"/>
  <testcase name="testGetAllContacts1" classname="contacts.service.ContactsServiceImplTest" time="0"/>
  <testcase name="testGetAllContacts2" classname="contacts.service.ContactsServiceImplTest" time="0"/>
</testsuite>